#cache_mem:irm    0x80000000          line=0,valid={0,0},age={0,0},id={0x0000000,0x0000000}
0x80000000:jal    zero,0x00050        pc=0x800000a0,zero=0x80000004
#cache_mem:irm    0x800000a0          line=2,valid={0,0},age={0,0},id={0x0000000,0x0000000}
0x800000a0:auipc  sp,0x00008          sp=0x800000a0+0x00008000=0x800080a0
#cache_mem:irh    0x800000a4          line=2,age=0,id=0x1000001,block[0]={0x00008117,0xf6010113,0xf99ff0ef,0x00c000ef}
0x800000a4:addi   sp,sp,0xf60         sp=0x800080a0+0xffffff60=0x80008000
#cache_mem:irh    0x800000a8          line=2,age=0,id=0x1000001,block[0]={0x00008117,0xf6010113,0xf99ff0ef,0x00c000ef}
0x800000a8:jal    ra,0xfffcc          pc=0x80000040,ra=0x800000ac
#cache_mem:irm    0x80000040          line=4,valid={0,0},age={0,0},id={0x0000000,0x0000000}
0x80000040:auipc  a0,0x00000          a0=0x80000040+0x00000000=0x80000040
#cache_mem:irh    0x80000044          line=4,age=0,id=0x1000000,block[0]={0x00000517,0x0a050513,0x00000597,0x09858593}
0x80000044:addi   a0,a0,0x0a0         a0=0x80000040+0x000000a0=0x800000e0
#cache_mem:irh    0x80000048          line=4,age=0,id=0x1000000,block[0]={0x00000517,0x0a050513,0x00000597,0x09858593}
0x80000048:auipc  a1,0x00000          a1=0x80000048+0x00000000=0x80000048
#cache_mem:irh    0x8000004c          line=4,age=0,id=0x1000000,block[0]={0x00000517,0x0a050513,0x00000597,0x09858593}
0x8000004c:addi   a1,a1,0x098         a1=0x80000048+0x00000098=0x800000e0
#cache_mem:irm    0x80000050          line=5,valid={0,0},age={0,0},id={0x0000000,0x0000000}
#cache_mem:dwm    0x800000e0          line=6,valid={0,0},age={0,0},id={0x0000000,0x0000000}
0x80000050:sw     zero,0x000(a0)      mem[0x800000e0]=0x00000000
#cache_mem:irh    0x80000054          line=5,age=0,id=0x1000000,block[0]={0x00052023,0x00450513,0xfeb54ce3,0x00008067}
0x80000054:addi   a0,a0,0x004         a0=0x800000e0+0x00000004=0x800000e4
#cache_mem:irh    0x80000058          line=5,age=0,id=0x1000000,block[0]={0x00052023,0x00450513,0xfeb54ce3,0x00008067}
0x80000058:blt    a0,a1,0xffc         (0x800000e4<0x800000e0)=0->pc=0x8000005c
#cache_mem:irh    0x8000005c          line=5,age=0,id=0x1000000,block[0]={0x00052023,0x00450513,0xfeb54ce3,0x00008067}
0x8000005c:jalr   zero,ra,0x000       pc=0x800000ac+0x00000000,zero=0x80000060
#cache_mem:irh    0x800000ac          line=2,age=0,id=0x1000001,block[0]={0x00008117,0xf6010113,0xf99ff0ef,0x00c000ef}
0x800000ac:jal    ra,0x00006          pc=0x800000b8,ra=0x800000b0
#cache_mem:irm    0x800000b8          line=3,valid={0,0},age={0,0},id={0x0000000,0x0000000}
0x800000b8:addi   a0,zero,0x000       a0=0x00000000+0x00000000=0x00000000
#cache_mem:irh    0x800000bc          line=3,age=0,id=0x1000001,block[0]={0xfb1ff06f,0x00000013,0x00000513,0x00008067}
0x800000bc:jalr   zero,ra,0x000       pc=0x800000b0+0x00000000,zero=0x800000c0
#cache_mem:irh    0x800000b0          line=3,age=0,id=0x1000001,block[0]={0xfb1ff06f,0x00000013,0x00000513,0x00008067}
0x800000b0:jal    zero,0xfffd8        pc=0x80000060,zero=0x800000b4
#cache_mem:irm    0x80000060          line=6,valid={0,0},age={0,0},id={0x0000000,0x0000000}
0x80000060:addi   sp,sp,0xff0         sp=0x80008000+0xfffffff0=0x80007ff0
#cache_mem:irh    0x80000064          line=6,age=0,id=0x1000000,block[0]={0xff010113,0x00a12223,0x02000513,0x000205b7}
#cache_mem:dwm    0x80007ff4          line=7,valid={0,0},age={0,0},id={0x0000000,0x0000000}
0x80000064:sw     a0,0x004(sp)        mem[0x80007ff4]=0x00000000
#cache_mem:irh    0x80000068          line=6,age=0,id=0x1000000,block[0]={0xff010113,0x00a12223,0x02000513,0x000205b7}
0x80000068:addi   a0,zero,0x020       a0=0x00000000+0x00000020=0x00000020
#cache_mem:irh    0x8000006c          line=6,age=0,id=0x1000000,block[0]={0xff010113,0x00a12223,0x02000513,0x000205b7}
0x8000006c:lui    a1,0x00020          a1=0x00020000
#cache_mem:irm    0x80000070          line=7,valid={0,0},age={0,0},id={0x0000000,0x0000000}
0x80000070:addi   a1,a1,0x026         a1=0x00020000+0x00000026=0x00020026
#cache_mem:irh    0x80000074          line=7,age=0,id=0x1000000,block[0]={0x02658593,0x00b12023,0x002005b3,0x014000ef}
#cache_mem:dwm    0x80007ff0          line=7,valid={0,0},age={0,0},id={0x0000000,0x0000000}
0x80000074:sw     a1,0x000(sp)        mem[0x80007ff0]=0x00020026
#cache_mem:irh    0x80000078          line=7,age=0,id=0x1000000,block[0]={0x02658593,0x00b12023,0x002005b3,0x014000ef}
0x80000078:add    a1,zero,sp          a1=0x00000000+0x80007ff0=0x80007ff0
#cache_mem:irh    0x8000007c          line=7,age=0,id=0x1000000,block[0]={0x02658593,0x00b12023,0x002005b3,0x014000ef}
0x8000007c:jal    ra,0x0000a          pc=0x80000090,ra=0x80000080
#cache_mem:irm    0x80000090          line=1,valid={0,0},age={0,0},id={0x0000000,0x0000000}
0x80000090:slli   zero,zero,31        zero=0x00000000<<31=0x00000000
#cache_mem:irh    0x80000094          line=1,age=0,id=0x1000001,block[0]={0x01f01013,0x00100073,0x40705013,0x00008067}
#cache_mem:irh    0x80000090          line=1,age=0,id=0x1000001,block[0]={0x01f01013,0x00100073,0x40705013,0x00008067}
#cache_mem:irh    0x80000098          line=1,age=0,id=0x1000001,block[0]={0x01f01013,0x00100073,0x40705013,0x00008067}
0x80000094:ebreak
#cache_mem:dstats                     hit=0.0000
#cache_mem:istats                     hit=0.7143
