#cache_mem:irm    0x80000000          line=0,valid={0,0},age={0,0},id={0x0000000,0x0000000}
0x80000000:jal    zero,0x00050        pc=0x800000a0,zero=0x80000004
#cache_mem:irm    0x800000a0          line=2,valid={0,0},age={0,0},id={0x0000000,0x0000000}
0x800000a0:auipc  sp,0x00008          sp=0x800000a0+0x00008000=0x800080a0
#cache_mem:irh    0x800000a4          line=2,age=0,id=0x1000001,block[0]={0x00008117,0xf6010113,0xf99ff0ef,0x044000ef}
0x800000a4:addi   sp,sp,0xf60         sp=0x800080a0+0xffffff60=0x80008000
#cache_mem:irh    0x800000a8          line=2,age=0,id=0x1000001,block[0]={0x00008117,0xf6010113,0xf99ff0ef,0x044000ef}
0x800000a8:jal    ra,0xfffcc          pc=0x80000040,ra=0x800000ac
#cache_mem:irm    0x80000040          line=4,valid={0,0},age={0,0},id={0x0000000,0x0000000}
0x80000040:auipc  a0,0x00000          a0=0x80000040+0x00000000=0x80000040
#cache_mem:irh    0x80000044          line=4,age=0,id=0x1000000,block[0]={0x00000517,0x16450513,0x00000597,0x15c58593}
0x80000044:addi   a0,a0,0x164         a0=0x80000040+0x00000164=0x800001a4
#cache_mem:irh    0x80000048          line=4,age=0,id=0x1000000,block[0]={0x00000517,0x16450513,0x00000597,0x15c58593}
0x80000048:auipc  a1,0x00000          a1=0x80000048+0x00000000=0x80000048
#cache_mem:irh    0x8000004c          line=4,age=0,id=0x1000000,block[0]={0x00000517,0x16450513,0x00000597,0x15c58593}
0x8000004c:addi   a1,a1,0x15c         a1=0x80000048+0x0000015c=0x800001a4
#cache_mem:irm    0x80000050          line=5,valid={0,0},age={0,0},id={0x0000000,0x0000000}
#cache_mem:dwm    0x800001a4          line=2,valid={0,0},age={0,0},id={0x0000000,0x0000000}
0x80000050:sw     zero,0x000(a0)      mem[0x800001a4]=0x00000000
#cache_mem:irh    0x80000054          line=5,age=0,id=0x1000000,block[0]={0x00052023,0x00450513,0xfeb54ce3,0x00008067}
0x80000054:addi   a0,a0,0x004         a0=0x800001a4+0x00000004=0x800001a8
#cache_mem:irh    0x80000058          line=5,age=0,id=0x1000000,block[0]={0x00052023,0x00450513,0xfeb54ce3,0x00008067}
0x80000058:blt    a0,a1,0xffc         (0x800001a8<0x800001a4)=0->pc=0x8000005c
#cache_mem:irh    0x8000005c          line=5,age=0,id=0x1000000,block[0]={0x00052023,0x00450513,0xfeb54ce3,0x00008067}
0x8000005c:jalr   zero,ra,0x000       pc=0x800000ac+0x00000000,zero=0x80000060
#cache_mem:irh    0x800000ac          line=2,age=0,id=0x1000001,block[0]={0x00008117,0xf6010113,0xf99ff0ef,0x044000ef}
0x800000ac:jal    ra,0x00022          pc=0x800000f0,ra=0x800000b0
#cache_mem:irm    0x800000f0          line=7,valid={0,0},age={0,0},id={0x0000000,0x0000000}
0x800000f0:addi   sp,sp,0xff0         sp=0x80008000+0xfffffff0=0x80007ff0
#cache_mem:irh    0x800000f4          line=7,age=0,id=0x1000001,block[0]={0xff010113,0x00112023,0x10000537,0x00000597}
#cache_mem:dwm    0x80007ff0          line=7,valid={0,0},age={0,0},id={0x0000000,0x0000000}
0x800000f4:sw     ra,0x000(sp)        mem[0x80007ff0]=0x800000b0
#cache_mem:irh    0x800000f8          line=7,age=0,id=0x1000001,block[0]={0xff010113,0x00112023,0x10000537,0x00000597}
0x800000f8:lui    a0,0x10000          a0=0x10000000
#cache_mem:irh    0x800000fc          line=7,age=0,id=0x1000001,block[0]={0xff010113,0x00112023,0x10000537,0x00000597}
0x800000fc:auipc  a1,0x00000          a1=0x800000fc+0x00000000=0x800000fc
#cache_mem:irm    0x80000100          line=0,valid={1,0},age={17,0},id={0x1000000,0x0000000}
0x80000100:addi   a1,a1,0x044         a1=0x800000fc+0x00000044=0x80000140
#cache_mem:irh    0x80000104          line=0,age=0,id=0x1000002,block[1]={0x04458593,0xfcdff0ef,0x00000597,0x03858593}
0x80000104:jal    ra,0xfffe6          pc=0x800000d0,ra=0x80000108
#cache_mem:irm    0x800000d0          line=5,valid={1,0},age={8,0},id={0x1000000,0x0000000}
0x800000d0:lb     t0,0x000(a0)        t0=mem[0x10000000]=0x00000050
#cache_mem:irh    0x800000d4          line=5,age=0,id=0x1000001,block[1]={0x00050283,0x00558023,0x00158593,0x00550283}
#cache_mem:dwm    0x80000140          line=4,valid={0,0},age={0,0},id={0x0000000,0x0000000}
0x800000d4:sb     t0,0x000(a1)        mem[0x80000140]=0x50
#cache_mem:irh    0x800000d8          line=5,age=0,id=0x1000001,block[1]={0x00050283,0x00558023,0x00158593,0x00550283}
0x800000d8:addi   a1,a1,0x001         a1=0x80000140+0x00000001=0x80000141
#cache_mem:irh    0x800000dc          line=5,age=0,id=0x1000001,block[1]={0x00050283,0x00558023,0x00158593,0x00550283}
0x800000dc:lb     t0,0x005(a0)        t0=mem[0x10000005]=0x00000061
#cache_mem:irm    0x800000e0          line=6,valid={0,0},age={0,0},id={0x0000000,0x0000000}
0x800000e0:andi   t0,t0,0x001         t0=0x00000061&0x00000001=0x00000001
#cache_mem:irh    0x800000e4          line=6,age=0,id=0x1000001,block[0]={0x0012f293,0xfe0296e3,0x00058023,0x00008067}
0x800000e4:bne    t0,zero,0xff6       (0x00000001!=0x00000000)=1->pc=0x800000d0
#cache_mem:irh    0x800000d0          line=5,age=0,id=0x1000001,block[1]={0x00050283,0x00558023,0x00158593,0x00550283}
0x800000d0:lb     t0,0x000(a0)        t0=mem[0x10000000]=0x0000006f
#cache_mem:irh    0x800000d4          line=5,age=0,id=0x1000001,block[1]={0x00050283,0x00558023,0x00158593,0x00550283}
#cache_mem:dwm    0x80000141          line=4,valid={0,0},age={0,0},id={0x0000000,0x0000000}
0x800000d4:sb     t0,0x000(a1)        mem[0x80000141]=0x6f
#cache_mem:irh    0x800000d8          line=5,age=0,id=0x1000001,block[1]={0x00050283,0x00558023,0x00158593,0x00550283}
0x800000d8:addi   a1,a1,0x001         a1=0x80000141+0x00000001=0x80000142
#cache_mem:irh    0x800000dc          line=5,age=0,id=0x1000001,block[1]={0x00050283,0x00558023,0x00158593,0x00550283}
0x800000dc:lb     t0,0x005(a0)        t0=mem[0x10000005]=0x00000061
#cache_mem:irh    0x800000e0          line=6,age=0,id=0x1000001,block[0]={0x0012f293,0xfe0296e3,0x00058023,0x00008067}
0x800000e0:andi   t0,t0,0x001         t0=0x00000061&0x00000001=0x00000001
#cache_mem:irh    0x800000e4          line=6,age=0,id=0x1000001,block[0]={0x0012f293,0xfe0296e3,0x00058023,0x00008067}
0x800000e4:bne    t0,zero,0xff6       (0x00000001!=0x00000000)=1->pc=0x800000d0
#cache_mem:irh    0x800000d0          line=5,age=0,id=0x1000001,block[1]={0x00050283,0x00558023,0x00158593,0x00550283}
0x800000d0:lb     t0,0x000(a0)        t0=mem[0x10000000]=0x00000078
#cache_mem:irh    0x800000d4          line=5,age=0,id=0x1000001,block[1]={0x00050283,0x00558023,0x00158593,0x00550283}
#cache_mem:dwm    0x80000142          line=4,valid={0,0},age={0,0},id={0x0000000,0x0000000}
0x800000d4:sb     t0,0x000(a1)        mem[0x80000142]=0x78
#cache_mem:irh    0x800000d8          line=5,age=0,id=0x1000001,block[1]={0x00050283,0x00558023,0x00158593,0x00550283}
0x800000d8:addi   a1,a1,0x001         a1=0x80000142+0x00000001=0x80000143
#cache_mem:irh    0x800000dc          line=5,age=0,id=0x1000001,block[1]={0x00050283,0x00558023,0x00158593,0x00550283}
0x800000dc:lb     t0,0x005(a0)        t0=mem[0x10000005]=0x00000061
#cache_mem:irh    0x800000e0          line=6,age=0,id=0x1000001,block[0]={0x0012f293,0xfe0296e3,0x00058023,0x00008067}
0x800000e0:andi   t0,t0,0x001         t0=0x00000061&0x00000001=0x00000001
#cache_mem:irh    0x800000e4          line=6,age=0,id=0x1000001,block[0]={0x0012f293,0xfe0296e3,0x00058023,0x00008067}
0x800000e4:bne    t0,zero,0xff6       (0x00000001!=0x00000000)=1->pc=0x800000d0
#cache_mem:irh    0x800000d0          line=5,age=0,id=0x1000001,block[1]={0x00050283,0x00558023,0x00158593,0x00550283}
0x800000d0:lb     t0,0x000(a0)        t0=mem[0x10000000]=0x00000069
#cache_mem:irh    0x800000d4          line=5,age=0,id=0x1000001,block[1]={0x00050283,0x00558023,0x00158593,0x00550283}
#cache_mem:dwm    0x80000143          line=4,valid={0,0},age={0,0},id={0x0000000,0x0000000}
0x800000d4:sb     t0,0x000(a1)        mem[0x80000143]=0x69
#cache_mem:irh    0x800000d8          line=5,age=0,id=0x1000001,block[1]={0x00050283,0x00558023,0x00158593,0x00550283}
0x800000d8:addi   a1,a1,0x001         a1=0x80000143+0x00000001=0x80000144
#cache_mem:irh    0x800000dc          line=5,age=0,id=0x1000001,block[1]={0x00050283,0x00558023,0x00158593,0x00550283}
0x800000dc:lb     t0,0x005(a0)        t0=mem[0x10000005]=0x00000061
#cache_mem:irh    0x800000e0          line=6,age=0,id=0x1000001,block[0]={0x0012f293,0xfe0296e3,0x00058023,0x00008067}
0x800000e0:andi   t0,t0,0x001         t0=0x00000061&0x00000001=0x00000001
#cache_mem:irh    0x800000e4          line=6,age=0,id=0x1000001,block[0]={0x0012f293,0xfe0296e3,0x00058023,0x00008067}
0x800000e4:bne    t0,zero,0xff6       (0x00000001!=0x00000000)=1->pc=0x800000d0
#cache_mem:irh    0x800000d0          line=5,age=0,id=0x1000001,block[1]={0x00050283,0x00558023,0x00158593,0x00550283}
0x800000d0:lb     t0,0x000(a0)        t0=mem[0x10000000]=0x0000006d
#cache_mem:irh    0x800000d4          line=5,age=0,id=0x1000001,block[1]={0x00050283,0x00558023,0x00158593,0x00550283}
#cache_mem:dwm    0x80000144          line=4,valid={0,0},age={0,0},id={0x0000000,0x0000000}
0x800000d4:sb     t0,0x000(a1)        mem[0x80000144]=0x6d
#cache_mem:irh    0x800000d8          line=5,age=0,id=0x1000001,block[1]={0x00050283,0x00558023,0x00158593,0x00550283}
0x800000d8:addi   a1,a1,0x001         a1=0x80000144+0x00000001=0x80000145
#cache_mem:irh    0x800000dc          line=5,age=0,id=0x1000001,block[1]={0x00050283,0x00558023,0x00158593,0x00550283}
0x800000dc:lb     t0,0x005(a0)        t0=mem[0x10000005]=0x00000061
#cache_mem:irh    0x800000e0          line=6,age=0,id=0x1000001,block[0]={0x0012f293,0xfe0296e3,0x00058023,0x00008067}
0x800000e0:andi   t0,t0,0x001         t0=0x00000061&0x00000001=0x00000001
#cache_mem:irh    0x800000e4          line=6,age=0,id=0x1000001,block[0]={0x0012f293,0xfe0296e3,0x00058023,0x00008067}
0x800000e4:bne    t0,zero,0xff6       (0x00000001!=0x00000000)=1->pc=0x800000d0
#cache_mem:irh    0x800000d0          line=5,age=0,id=0x1000001,block[1]={0x00050283,0x00558023,0x00158593,0x00550283}
0x800000d0:lb     t0,0x000(a0)        t0=mem[0x10000000]=0x0000002d
#cache_mem:irh    0x800000d4          line=5,age=0,id=0x1000001,block[1]={0x00050283,0x00558023,0x00158593,0x00550283}
#cache_mem:dwm    0x80000145          line=4,valid={0,0},age={0,0},id={0x0000000,0x0000000}
0x800000d4:sb     t0,0x000(a1)        mem[0x80000145]=0x2d
#cache_mem:irh    0x800000d8          line=5,age=0,id=0x1000001,block[1]={0x00050283,0x00558023,0x00158593,0x00550283}
0x800000d8:addi   a1,a1,0x001         a1=0x80000145+0x00000001=0x80000146
#cache_mem:irh    0x800000dc          line=5,age=0,id=0x1000001,block[1]={0x00050283,0x00558023,0x00158593,0x00550283}
0x800000dc:lb     t0,0x005(a0)        t0=mem[0x10000005]=0x00000061
#cache_mem:irh    0x800000e0          line=6,age=0,id=0x1000001,block[0]={0x0012f293,0xfe0296e3,0x00058023,0x00008067}
0x800000e0:andi   t0,t0,0x001         t0=0x00000061&0x00000001=0x00000001
#cache_mem:irh    0x800000e4          line=6,age=0,id=0x1000001,block[0]={0x0012f293,0xfe0296e3,0x00058023,0x00008067}
0x800000e4:bne    t0,zero,0xff6       (0x00000001!=0x00000000)=1->pc=0x800000d0
#cache_mem:irh    0x800000d0          line=5,age=0,id=0x1000001,block[1]={0x00050283,0x00558023,0x00158593,0x00550283}
0x800000d0:lb     t0,0x000(a0)        t0=mem[0x10000000]=0x00000056
#cache_mem:irh    0x800000d4          line=5,age=0,id=0x1000001,block[1]={0x00050283,0x00558023,0x00158593,0x00550283}
#cache_mem:dwm    0x80000146          line=4,valid={0,0},age={0,0},id={0x0000000,0x0000000}
0x800000d4:sb     t0,0x000(a1)        mem[0x80000146]=0x56
#cache_mem:irh    0x800000d8          line=5,age=0,id=0x1000001,block[1]={0x00050283,0x00558023,0x00158593,0x00550283}
0x800000d8:addi   a1,a1,0x001         a1=0x80000146+0x00000001=0x80000147
#cache_mem:irh    0x800000dc          line=5,age=0,id=0x1000001,block[1]={0x00050283,0x00558023,0x00158593,0x00550283}
0x800000dc:lb     t0,0x005(a0)        t0=mem[0x10000005]=0x00000061
#cache_mem:irh    0x800000e0          line=6,age=0,id=0x1000001,block[0]={0x0012f293,0xfe0296e3,0x00058023,0x00008067}
0x800000e0:andi   t0,t0,0x001         t0=0x00000061&0x00000001=0x00000001
#cache_mem:irh    0x800000e4          line=6,age=0,id=0x1000001,block[0]={0x0012f293,0xfe0296e3,0x00058023,0x00008067}
0x800000e4:bne    t0,zero,0xff6       (0x00000001!=0x00000000)=1->pc=0x800000d0
#cache_mem:irh    0x800000d0          line=5,age=0,id=0x1000001,block[1]={0x00050283,0x00558023,0x00158593,0x00550283}
0x800000d0:lb     t0,0x000(a0)        t0=mem[0x10000000]=0x00000020
#cache_mem:irh    0x800000d4          line=5,age=0,id=0x1000001,block[1]={0x00050283,0x00558023,0x00158593,0x00550283}
#cache_mem:dwm    0x80000147          line=4,valid={0,0},age={0,0},id={0x0000000,0x0000000}
0x800000d4:sb     t0,0x000(a1)        mem[0x80000147]=0x20
#cache_mem:irh    0x800000d8          line=5,age=0,id=0x1000001,block[1]={0x00050283,0x00558023,0x00158593,0x00550283}
0x800000d8:addi   a1,a1,0x001         a1=0x80000147+0x00000001=0x80000148
#cache_mem:irh    0x800000dc          line=5,age=0,id=0x1000001,block[1]={0x00050283,0x00558023,0x00158593,0x00550283}
0x800000dc:lb     t0,0x005(a0)        t0=mem[0x10000005]=0x00000061
#cache_mem:irh    0x800000e0          line=6,age=0,id=0x1000001,block[0]={0x0012f293,0xfe0296e3,0x00058023,0x00008067}
0x800000e0:andi   t0,t0,0x001         t0=0x00000061&0x00000001=0x00000001
#cache_mem:irh    0x800000e4          line=6,age=0,id=0x1000001,block[0]={0x0012f293,0xfe0296e3,0x00058023,0x00008067}
0x800000e4:bne    t0,zero,0xff6       (0x00000001!=0x00000000)=1->pc=0x800000d0
#cache_mem:irh    0x800000d0          line=5,age=0,id=0x1000001,block[1]={0x00050283,0x00558023,0x00158593,0x00550283}
0x800000d0:lb     t0,0x000(a0)        t0=mem[0x10000000]=0x00000073
#cache_mem:irh    0x800000d4          line=5,age=0,id=0x1000001,block[1]={0x00050283,0x00558023,0x00158593,0x00550283}
#cache_mem:dwm    0x80000148          line=4,valid={0,0},age={0,0},id={0x0000000,0x0000000}
0x800000d4:sb     t0,0x000(a1)        mem[0x80000148]=0x73
#cache_mem:irh    0x800000d8          line=5,age=0,id=0x1000001,block[1]={0x00050283,0x00558023,0x00158593,0x00550283}
0x800000d8:addi   a1,a1,0x001         a1=0x80000148+0x00000001=0x80000149
#cache_mem:irh    0x800000dc          line=5,age=0,id=0x1000001,block[1]={0x00050283,0x00558023,0x00158593,0x00550283}
0x800000dc:lb     t0,0x005(a0)        t0=mem[0x10000005]=0x00000061
#cache_mem:irh    0x800000e0          line=6,age=0,id=0x1000001,block[0]={0x0012f293,0xfe0296e3,0x00058023,0x00008067}
0x800000e0:andi   t0,t0,0x001         t0=0x00000061&0x00000001=0x00000001
#cache_mem:irh    0x800000e4          line=6,age=0,id=0x1000001,block[0]={0x0012f293,0xfe0296e3,0x00058023,0x00008067}
0x800000e4:bne    t0,zero,0xff6       (0x00000001!=0x00000000)=1->pc=0x800000d0
#cache_mem:irh    0x800000d0          line=5,age=0,id=0x1000001,block[1]={0x00050283,0x00558023,0x00158593,0x00550283}
0x800000d0:lb     t0,0x000(a0)        t0=mem[0x10000000]=0x00000065
#cache_mem:irh    0x800000d4          line=5,age=0,id=0x1000001,block[1]={0x00050283,0x00558023,0x00158593,0x00550283}
#cache_mem:dwm    0x80000149          line=4,valid={0,0},age={0,0},id={0x0000000,0x0000000}
0x800000d4:sb     t0,0x000(a1)        mem[0x80000149]=0x65
#cache_mem:irh    0x800000d8          line=5,age=0,id=0x1000001,block[1]={0x00050283,0x00558023,0x00158593,0x00550283}
0x800000d8:addi   a1,a1,0x001         a1=0x80000149+0x00000001=0x8000014a
#cache_mem:irh    0x800000dc          line=5,age=0,id=0x1000001,block[1]={0x00050283,0x00558023,0x00158593,0x00550283}
0x800000dc:lb     t0,0x005(a0)        t0=mem[0x10000005]=0x00000061
#cache_mem:irh    0x800000e0          line=6,age=0,id=0x1000001,block[0]={0x0012f293,0xfe0296e3,0x00058023,0x00008067}
0x800000e0:andi   t0,t0,0x001         t0=0x00000061&0x00000001=0x00000001
#cache_mem:irh    0x800000e4          line=6,age=0,id=0x1000001,block[0]={0x0012f293,0xfe0296e3,0x00058023,0x00008067}
0x800000e4:bne    t0,zero,0xff6       (0x00000001!=0x00000000)=1->pc=0x800000d0
#cache_mem:irh    0x800000d0          line=5,age=0,id=0x1000001,block[1]={0x00050283,0x00558023,0x00158593,0x00550283}
0x800000d0:lb     t0,0x000(a0)        t0=mem[0x10000000]=0x00000072
#cache_mem:irh    0x800000d4          line=5,age=0,id=0x1000001,block[1]={0x00050283,0x00558023,0x00158593,0x00550283}
#cache_mem:dwm    0x8000014a          line=4,valid={0,0},age={0,0},id={0x0000000,0x0000000}
0x800000d4:sb     t0,0x000(a1)        mem[0x8000014a]=0x72
#cache_mem:irh    0x800000d8          line=5,age=0,id=0x1000001,block[1]={0x00050283,0x00558023,0x00158593,0x00550283}
0x800000d8:addi   a1,a1,0x001         a1=0x8000014a+0x00000001=0x8000014b
#cache_mem:irh    0x800000dc          line=5,age=0,id=0x1000001,block[1]={0x00050283,0x00558023,0x00158593,0x00550283}
0x800000dc:lb     t0,0x005(a0)        t0=mem[0x10000005]=0x00000061
#cache_mem:irh    0x800000e0          line=6,age=0,id=0x1000001,block[0]={0x0012f293,0xfe0296e3,0x00058023,0x00008067}
0x800000e0:andi   t0,t0,0x001         t0=0x00000061&0x00000001=0x00000001
#cache_mem:irh    0x800000e4          line=6,age=0,id=0x1000001,block[0]={0x0012f293,0xfe0296e3,0x00058023,0x00008067}
0x800000e4:bne    t0,zero,0xff6       (0x00000001!=0x00000000)=1->pc=0x800000d0
#cache_mem:irh    0x800000d0          line=5,age=0,id=0x1000001,block[1]={0x00050283,0x00558023,0x00158593,0x00550283}
0x800000d0:lb     t0,0x000(a0)        t0=mem[0x10000000]=0x00000069
#cache_mem:irh    0x800000d4          line=5,age=0,id=0x1000001,block[1]={0x00050283,0x00558023,0x00158593,0x00550283}
#cache_mem:dwm    0x8000014b          line=4,valid={0,0},age={0,0},id={0x0000000,0x0000000}
0x800000d4:sb     t0,0x000(a1)        mem[0x8000014b]=0x69
#cache_mem:irh    0x800000d8          line=5,age=0,id=0x1000001,block[1]={0x00050283,0x00558023,0x00158593,0x00550283}
0x800000d8:addi   a1,a1,0x001         a1=0x8000014b+0x00000001=0x8000014c
#cache_mem:irh    0x800000dc          line=5,age=0,id=0x1000001,block[1]={0x00050283,0x00558023,0x00158593,0x00550283}
0x800000dc:lb     t0,0x005(a0)        t0=mem[0x10000005]=0x00000061
#cache_mem:irh    0x800000e0          line=6,age=0,id=0x1000001,block[0]={0x0012f293,0xfe0296e3,0x00058023,0x00008067}
0x800000e0:andi   t0,t0,0x001         t0=0x00000061&0x00000001=0x00000001
#cache_mem:irh    0x800000e4          line=6,age=0,id=0x1000001,block[0]={0x0012f293,0xfe0296e3,0x00058023,0x00008067}
0x800000e4:bne    t0,zero,0xff6       (0x00000001!=0x00000000)=1->pc=0x800000d0
#cache_mem:irh    0x800000d0          line=5,age=0,id=0x1000001,block[1]={0x00050283,0x00558023,0x00158593,0x00550283}
0x800000d0:lb     t0,0x000(a0)        t0=mem[0x10000000]=0x00000061
#cache_mem:irh    0x800000d4          line=5,age=0,id=0x1000001,block[1]={0x00050283,0x00558023,0x00158593,0x00550283}
#cache_mem:dwm    0x8000014c          line=4,valid={0,0},age={0,0},id={0x0000000,0x0000000}
0x800000d4:sb     t0,0x000(a1)        mem[0x8000014c]=0x61
#cache_mem:irh    0x800000d8          line=5,age=0,id=0x1000001,block[1]={0x00050283,0x00558023,0x00158593,0x00550283}
0x800000d8:addi   a1,a1,0x001         a1=0x8000014c+0x00000001=0x8000014d
#cache_mem:irh    0x800000dc          line=5,age=0,id=0x1000001,block[1]={0x00050283,0x00558023,0x00158593,0x00550283}
0x800000dc:lb     t0,0x005(a0)        t0=mem[0x10000005]=0x00000061
#cache_mem:irh    0x800000e0          line=6,age=0,id=0x1000001,block[0]={0x0012f293,0xfe0296e3,0x00058023,0x00008067}
0x800000e0:andi   t0,t0,0x001         t0=0x00000061&0x00000001=0x00000001
#cache_mem:irh    0x800000e4          line=6,age=0,id=0x1000001,block[0]={0x0012f293,0xfe0296e3,0x00058023,0x00008067}
0x800000e4:bne    t0,zero,0xff6       (0x00000001!=0x00000000)=1->pc=0x800000d0
#cache_mem:irh    0x800000d0          line=5,age=0,id=0x1000001,block[1]={0x00050283,0x00558023,0x00158593,0x00550283}
0x800000d0:lb     t0,0x000(a0)        t0=mem[0x10000000]=0x0000006c
#cache_mem:irh    0x800000d4          line=5,age=0,id=0x1000001,block[1]={0x00050283,0x00558023,0x00158593,0x00550283}
#cache_mem:dwm    0x8000014d          line=4,valid={0,0},age={0,0},id={0x0000000,0x0000000}
0x800000d4:sb     t0,0x000(a1)        mem[0x8000014d]=0x6c
#cache_mem:irh    0x800000d8          line=5,age=0,id=0x1000001,block[1]={0x00050283,0x00558023,0x00158593,0x00550283}
0x800000d8:addi   a1,a1,0x001         a1=0x8000014d+0x00000001=0x8000014e
#cache_mem:irh    0x800000dc          line=5,age=0,id=0x1000001,block[1]={0x00050283,0x00558023,0x00158593,0x00550283}
0x800000dc:lb     t0,0x005(a0)        t0=mem[0x10000005]=0x00000061
#cache_mem:irh    0x800000e0          line=6,age=0,id=0x1000001,block[0]={0x0012f293,0xfe0296e3,0x00058023,0x00008067}
0x800000e0:andi   t0,t0,0x001         t0=0x00000061&0x00000001=0x00000001
#cache_mem:irh    0x800000e4          line=6,age=0,id=0x1000001,block[0]={0x0012f293,0xfe0296e3,0x00058023,0x00008067}
0x800000e4:bne    t0,zero,0xff6       (0x00000001!=0x00000000)=1->pc=0x800000d0
#cache_mem:irh    0x800000d0          line=5,age=0,id=0x1000001,block[1]={0x00050283,0x00558023,0x00158593,0x00550283}
0x800000d0:lb     t0,0x000(a0)        t0=mem[0x10000000]=0x0000006c
#cache_mem:irh    0x800000d4          line=5,age=0,id=0x1000001,block[1]={0x00050283,0x00558023,0x00158593,0x00550283}
#cache_mem:dwm    0x8000014e          line=4,valid={0,0},age={0,0},id={0x0000000,0x0000000}
0x800000d4:sb     t0,0x000(a1)        mem[0x8000014e]=0x6c
#cache_mem:irh    0x800000d8          line=5,age=0,id=0x1000001,block[1]={0x00050283,0x00558023,0x00158593,0x00550283}
0x800000d8:addi   a1,a1,0x001         a1=0x8000014e+0x00000001=0x8000014f
#cache_mem:irh    0x800000dc          line=5,age=0,id=0x1000001,block[1]={0x00050283,0x00558023,0x00158593,0x00550283}
0x800000dc:lb     t0,0x005(a0)        t0=mem[0x10000005]=0x00000061
#cache_mem:irh    0x800000e0          line=6,age=0,id=0x1000001,block[0]={0x0012f293,0xfe0296e3,0x00058023,0x00008067}
0x800000e0:andi   t0,t0,0x001         t0=0x00000061&0x00000001=0x00000001
#cache_mem:irh    0x800000e4          line=6,age=0,id=0x1000001,block[0]={0x0012f293,0xfe0296e3,0x00058023,0x00008067}
0x800000e4:bne    t0,zero,0xff6       (0x00000001!=0x00000000)=1->pc=0x800000d0
#cache_mem:irh    0x800000d0          line=5,age=0,id=0x1000001,block[1]={0x00050283,0x00558023,0x00158593,0x00550283}
0x800000d0:lb     t0,0x000(a0)        t0=mem[0x10000000]=0x00000079
#cache_mem:irh    0x800000d4          line=5,age=0,id=0x1000001,block[1]={0x00050283,0x00558023,0x00158593,0x00550283}
#cache_mem:dwm    0x8000014f          line=4,valid={0,0},age={0,0},id={0x0000000,0x0000000}
0x800000d4:sb     t0,0x000(a1)        mem[0x8000014f]=0x79
#cache_mem:irh    0x800000d8          line=5,age=0,id=0x1000001,block[1]={0x00050283,0x00558023,0x00158593,0x00550283}
0x800000d8:addi   a1,a1,0x001         a1=0x8000014f+0x00000001=0x80000150
#cache_mem:irh    0x800000dc          line=5,age=0,id=0x1000001,block[1]={0x00050283,0x00558023,0x00158593,0x00550283}
0x800000dc:lb     t0,0x005(a0)        t0=mem[0x10000005]=0x00000061
#cache_mem:irh    0x800000e0          line=6,age=0,id=0x1000001,block[0]={0x0012f293,0xfe0296e3,0x00058023,0x00008067}
0x800000e0:andi   t0,t0,0x001         t0=0x00000061&0x00000001=0x00000001
#cache_mem:irh    0x800000e4          line=6,age=0,id=0x1000001,block[0]={0x0012f293,0xfe0296e3,0x00058023,0x00008067}
0x800000e4:bne    t0,zero,0xff6       (0x00000001!=0x00000000)=1->pc=0x800000d0
#cache_mem:irh    0x800000d0          line=5,age=0,id=0x1000001,block[1]={0x00050283,0x00558023,0x00158593,0x00550283}
0x800000d0:lb     t0,0x000(a0)        t0=mem[0x10000000]=0x00000020
#cache_mem:irh    0x800000d4          line=5,age=0,id=0x1000001,block[1]={0x00050283,0x00558023,0x00158593,0x00550283}
#cache_mem:dwm    0x80000150          line=5,valid={0,0},age={0,0},id={0x0000000,0x0000000}
0x800000d4:sb     t0,0x000(a1)        mem[0x80000150]=0x20
#cache_mem:irh    0x800000d8          line=5,age=0,id=0x1000001,block[1]={0x00050283,0x00558023,0x00158593,0x00550283}
0x800000d8:addi   a1,a1,0x001         a1=0x80000150+0x00000001=0x80000151
#cache_mem:irh    0x800000dc          line=5,age=0,id=0x1000001,block[1]={0x00050283,0x00558023,0x00158593,0x00550283}
0x800000dc:lb     t0,0x005(a0)        t0=mem[0x10000005]=0x00000061
#cache_mem:irh    0x800000e0          line=6,age=0,id=0x1000001,block[0]={0x0012f293,0xfe0296e3,0x00058023,0x00008067}
0x800000e0:andi   t0,t0,0x001         t0=0x00000061&0x00000001=0x00000001
#cache_mem:irh    0x800000e4          line=6,age=0,id=0x1000001,block[0]={0x0012f293,0xfe0296e3,0x00058023,0x00008067}
0x800000e4:bne    t0,zero,0xff6       (0x00000001!=0x00000000)=1->pc=0x800000d0
#cache_mem:irh    0x800000d0          line=5,age=0,id=0x1000001,block[1]={0x00050283,0x00558023,0x00158593,0x00550283}
0x800000d0:lb     t0,0x000(a0)        t0=mem[0x10000000]=0x00000073
#cache_mem:irh    0x800000d4          line=5,age=0,id=0x1000001,block[1]={0x00050283,0x00558023,0x00158593,0x00550283}
#cache_mem:dwm    0x80000151          line=5,valid={0,0},age={0,0},id={0x0000000,0x0000000}
0x800000d4:sb     t0,0x000(a1)        mem[0x80000151]=0x73
#cache_mem:irh    0x800000d8          line=5,age=0,id=0x1000001,block[1]={0x00050283,0x00558023,0x00158593,0x00550283}
0x800000d8:addi   a1,a1,0x001         a1=0x80000151+0x00000001=0x80000152
#cache_mem:irh    0x800000dc          line=5,age=0,id=0x1000001,block[1]={0x00050283,0x00558023,0x00158593,0x00550283}
0x800000dc:lb     t0,0x005(a0)        t0=mem[0x10000005]=0x00000061
#cache_mem:irh    0x800000e0          line=6,age=0,id=0x1000001,block[0]={0x0012f293,0xfe0296e3,0x00058023,0x00008067}
0x800000e0:andi   t0,t0,0x001         t0=0x00000061&0x00000001=0x00000001
#cache_mem:irh    0x800000e4          line=6,age=0,id=0x1000001,block[0]={0x0012f293,0xfe0296e3,0x00058023,0x00008067}
0x800000e4:bne    t0,zero,0xff6       (0x00000001!=0x00000000)=1->pc=0x800000d0
#cache_mem:irh    0x800000d0          line=5,age=0,id=0x1000001,block[1]={0x00050283,0x00558023,0x00158593,0x00550283}
0x800000d0:lb     t0,0x000(a0)        t0=mem[0x10000000]=0x00000061
#cache_mem:irh    0x800000d4          line=5,age=0,id=0x1000001,block[1]={0x00050283,0x00558023,0x00158593,0x00550283}
#cache_mem:dwm    0x80000152          line=5,valid={0,0},age={0,0},id={0x0000000,0x0000000}
0x800000d4:sb     t0,0x000(a1)        mem[0x80000152]=0x61
#cache_mem:irh    0x800000d8          line=5,age=0,id=0x1000001,block[1]={0x00050283,0x00558023,0x00158593,0x00550283}
0x800000d8:addi   a1,a1,0x001         a1=0x80000152+0x00000001=0x80000153
#cache_mem:irh    0x800000dc          line=5,age=0,id=0x1000001,block[1]={0x00050283,0x00558023,0x00158593,0x00550283}
0x800000dc:lb     t0,0x005(a0)        t0=mem[0x10000005]=0x00000061
#cache_mem:irh    0x800000e0          line=6,age=0,id=0x1000001,block[0]={0x0012f293,0xfe0296e3,0x00058023,0x00008067}
0x800000e0:andi   t0,t0,0x001         t0=0x00000061&0x00000001=0x00000001
#cache_mem:irh    0x800000e4          line=6,age=0,id=0x1000001,block[0]={0x0012f293,0xfe0296e3,0x00058023,0x00008067}
0x800000e4:bne    t0,zero,0xff6       (0x00000001!=0x00000000)=1->pc=0x800000d0
#cache_mem:irh    0x800000d0          line=5,age=0,id=0x1000001,block[1]={0x00050283,0x00558023,0x00158593,0x00550283}
0x800000d0:lb     t0,0x000(a0)        t0=mem[0x10000000]=0x00000079
#cache_mem:irh    0x800000d4          line=5,age=0,id=0x1000001,block[1]={0x00050283,0x00558023,0x00158593,0x00550283}
#cache_mem:dwm    0x80000153          line=5,valid={0,0},age={0,0},id={0x0000000,0x0000000}
0x800000d4:sb     t0,0x000(a1)        mem[0x80000153]=0x79
#cache_mem:irh    0x800000d8          line=5,age=0,id=0x1000001,block[1]={0x00050283,0x00558023,0x00158593,0x00550283}
0x800000d8:addi   a1,a1,0x001         a1=0x80000153+0x00000001=0x80000154
#cache_mem:irh    0x800000dc          line=5,age=0,id=0x1000001,block[1]={0x00050283,0x00558023,0x00158593,0x00550283}
0x800000dc:lb     t0,0x005(a0)        t0=mem[0x10000005]=0x00000061
#cache_mem:irh    0x800000e0          line=6,age=0,id=0x1000001,block[0]={0x0012f293,0xfe0296e3,0x00058023,0x00008067}
0x800000e0:andi   t0,t0,0x001         t0=0x00000061&0x00000001=0x00000001
#cache_mem:irh    0x800000e4          line=6,age=0,id=0x1000001,block[0]={0x0012f293,0xfe0296e3,0x00058023,0x00008067}
0x800000e4:bne    t0,zero,0xff6       (0x00000001!=0x00000000)=1->pc=0x800000d0
#cache_mem:irh    0x800000d0          line=5,age=0,id=0x1000001,block[1]={0x00050283,0x00558023,0x00158593,0x00550283}
0x800000d0:lb     t0,0x000(a0)        t0=mem[0x10000000]=0x00000073
#cache_mem:irh    0x800000d4          line=5,age=0,id=0x1000001,block[1]={0x00050283,0x00558023,0x00158593,0x00550283}
#cache_mem:dwm    0x80000154          line=5,valid={0,0},age={0,0},id={0x0000000,0x0000000}
0x800000d4:sb     t0,0x000(a1)        mem[0x80000154]=0x73
#cache_mem:irh    0x800000d8          line=5,age=0,id=0x1000001,block[1]={0x00050283,0x00558023,0x00158593,0x00550283}
0x800000d8:addi   a1,a1,0x001         a1=0x80000154+0x00000001=0x80000155
#cache_mem:irh    0x800000dc          line=5,age=0,id=0x1000001,block[1]={0x00050283,0x00558023,0x00158593,0x00550283}
0x800000dc:lb     t0,0x005(a0)        t0=mem[0x10000005]=0x00000061
#cache_mem:irh    0x800000e0          line=6,age=0,id=0x1000001,block[0]={0x0012f293,0xfe0296e3,0x00058023,0x00008067}
0x800000e0:andi   t0,t0,0x001         t0=0x00000061&0x00000001=0x00000001
#cache_mem:irh    0x800000e4          line=6,age=0,id=0x1000001,block[0]={0x0012f293,0xfe0296e3,0x00058023,0x00008067}
0x800000e4:bne    t0,zero,0xff6       (0x00000001!=0x00000000)=1->pc=0x800000d0
#cache_mem:irh    0x800000d0          line=5,age=0,id=0x1000001,block[1]={0x00050283,0x00558023,0x00158593,0x00550283}
0x800000d0:lb     t0,0x000(a0)        t0=mem[0x10000000]=0x0000003a
#cache_mem:irh    0x800000d4          line=5,age=0,id=0x1000001,block[1]={0x00050283,0x00558023,0x00158593,0x00550283}
#cache_mem:dwm    0x80000155          line=5,valid={0,0},age={0,0},id={0x0000000,0x0000000}
0x800000d4:sb     t0,0x000(a1)        mem[0x80000155]=0x3a
#cache_mem:irh    0x800000d8          line=5,age=0,id=0x1000001,block[1]={0x00050283,0x00558023,0x00158593,0x00550283}
0x800000d8:addi   a1,a1,0x001         a1=0x80000155+0x00000001=0x80000156
#cache_mem:irh    0x800000dc          line=5,age=0,id=0x1000001,block[1]={0x00050283,0x00558023,0x00158593,0x00550283}
0x800000dc:lb     t0,0x005(a0)        t0=mem[0x10000005]=0x00000061
#cache_mem:irh    0x800000e0          line=6,age=0,id=0x1000001,block[0]={0x0012f293,0xfe0296e3,0x00058023,0x00008067}
0x800000e0:andi   t0,t0,0x001         t0=0x00000061&0x00000001=0x00000001
#cache_mem:irh    0x800000e4          line=6,age=0,id=0x1000001,block[0]={0x0012f293,0xfe0296e3,0x00058023,0x00008067}
0x800000e4:bne    t0,zero,0xff6       (0x00000001!=0x00000000)=1->pc=0x800000d0
#cache_mem:irh    0x800000d0          line=5,age=0,id=0x1000001,block[1]={0x00050283,0x00558023,0x00158593,0x00550283}
0x800000d0:lb     t0,0x000(a0)        t0=mem[0x10000000]=0x00000020
#cache_mem:irh    0x800000d4          line=5,age=0,id=0x1000001,block[1]={0x00050283,0x00558023,0x00158593,0x00550283}
#cache_mem:dwm    0x80000156          line=5,valid={0,0},age={0,0},id={0x0000000,0x0000000}
0x800000d4:sb     t0,0x000(a1)        mem[0x80000156]=0x20
#cache_mem:irh    0x800000d8          line=5,age=0,id=0x1000001,block[1]={0x00050283,0x00558023,0x00158593,0x00550283}
0x800000d8:addi   a1,a1,0x001         a1=0x80000156+0x00000001=0x80000157
#cache_mem:irh    0x800000dc          line=5,age=0,id=0x1000001,block[1]={0x00050283,0x00558023,0x00158593,0x00550283}
0x800000dc:lb     t0,0x005(a0)        t0=mem[0x10000005]=0x00000060
#cache_mem:irh    0x800000e0          line=6,age=0,id=0x1000001,block[0]={0x0012f293,0xfe0296e3,0x00058023,0x00008067}
0x800000e0:andi   t0,t0,0x001         t0=0x00000060&0x00000001=0x00000000
#cache_mem:irh    0x800000e4          line=6,age=0,id=0x1000001,block[0]={0x0012f293,0xfe0296e3,0x00058023,0x00008067}
0x800000e4:bne    t0,zero,0xff6       (0x00000000!=0x00000000)=0->pc=0x800000e8
#cache_mem:irh    0x800000e8          line=6,age=0,id=0x1000001,block[0]={0x0012f293,0xfe0296e3,0x00058023,0x00008067}
#cache_mem:dwm    0x80000157          line=5,valid={0,0},age={0,0},id={0x0000000,0x0000000}
0x800000e8:sb     zero,0x000(a1)      mem[0x80000157]=0x00
#cache_mem:irh    0x800000ec          line=6,age=0,id=0x1000001,block[0]={0x0012f293,0xfe0296e3,0x00058023,0x00008067}
0x800000ec:jalr   zero,ra,0x000       pc=0x80000108+0x00000000,zero=0x800000f0
#cache_mem:irh    0x80000108          line=0,age=0,id=0x1000002,block[1]={0x04458593,0xfcdff0ef,0x00000597,0x03858593}
0x80000108:auipc  a1,0x00000          a1=0x80000108+0x00000000=0x80000108
#cache_mem:irh    0x8000010c          line=0,age=0,id=0x1000002,block[1]={0x04458593,0xfcdff0ef,0x00000597,0x03858593}
0x8000010c:addi   a1,a1,0x038         a1=0x80000108+0x00000038=0x80000140
#cache_mem:irm    0x80000110          line=1,valid={0,0},age={0,0},id={0x0000000,0x0000000}
0x80000110:jal    ra,0xfffd4          pc=0x800000b8,ra=0x80000114
#cache_mem:irm    0x800000b8          line=3,valid={0,0},age={0,0},id={0x0000000,0x0000000}
#cache_mem:drm    0x80000140          line=4,valid={0,0},age={0,0},id={0x0000000,0x0000000}
0x800000b8:lb     t0,0x000(a1)        t0=mem[0x80000140]=0x00000050
#cache_mem:irh    0x800000bc          line=3,age=0,id=0x1000001,block[0]={0xfb1ff06f,0x00000013,0x00058283,0x00028863}
0x800000bc:beq    t0,zero,0x008       (0x00000050==0x00000000)=0->pc=0x800000c0
#cache_mem:irm    0x800000c0          line=4,valid={1,0},age={157,0},id={0x1000000,0x0000000}
0x800000c0:sb     t0,0x000(a0)        mem[0x10000000]=0x50
#cache_mem:irh    0x800000c4          line=4,age=0,id=0x1000001,block[1]={0x00550023,0x00158593,0xff1ff06f,0x00008067}
0x800000c4:addi   a1,a1,0x001         a1=0x80000140+0x00000001=0x80000141
#cache_mem:irh    0x800000c8          line=4,age=0,id=0x1000001,block[1]={0x00550023,0x00158593,0xff1ff06f,0x00008067}
0x800000c8:jal    zero,0xffff8        pc=0x800000b8,zero=0x800000cc
#cache_mem:irh    0x800000b8          line=3,age=0,id=0x1000001,block[0]={0xfb1ff06f,0x00000013,0x00058283,0x00028863}
#cache_mem:drh    0x80000141          line=4,age=0,id=0x1000002,block[0]={0x69786f50,0x20562d6d,0x69726573,0x796c6c61}
0x800000b8:lb     t0,0x000(a1)        t0=mem[0x80000141]=0x0000006f
#cache_mem:irh    0x800000bc          line=3,age=0,id=0x1000001,block[0]={0xfb1ff06f,0x00000013,0x00058283,0x00028863}
0x800000bc:beq    t0,zero,0x008       (0x0000006f==0x00000000)=0->pc=0x800000c0
#cache_mem:irh    0x800000c0          line=4,age=0,id=0x1000001,block[1]={0x00550023,0x00158593,0xff1ff06f,0x00008067}
0x800000c0:sb     t0,0x000(a0)        mem[0x10000000]=0x6f
#cache_mem:irh    0x800000c4          line=4,age=0,id=0x1000001,block[1]={0x00550023,0x00158593,0xff1ff06f,0x00008067}
0x800000c4:addi   a1,a1,0x001         a1=0x80000141+0x00000001=0x80000142
#cache_mem:irh    0x800000c8          line=4,age=0,id=0x1000001,block[1]={0x00550023,0x00158593,0xff1ff06f,0x00008067}
0x800000c8:jal    zero,0xffff8        pc=0x800000b8,zero=0x800000cc
#cache_mem:irh    0x800000b8          line=3,age=0,id=0x1000001,block[0]={0xfb1ff06f,0x00000013,0x00058283,0x00028863}
#cache_mem:drh    0x80000142          line=4,age=0,id=0x1000002,block[0]={0x69786f50,0x20562d6d,0x69726573,0x796c6c61}
0x800000b8:lb     t0,0x000(a1)        t0=mem[0x80000142]=0x00000078
#cache_mem:irh    0x800000bc          line=3,age=0,id=0x1000001,block[0]={0xfb1ff06f,0x00000013,0x00058283,0x00028863}
0x800000bc:beq    t0,zero,0x008       (0x00000078==0x00000000)=0->pc=0x800000c0
#cache_mem:irh    0x800000c0          line=4,age=0,id=0x1000001,block[1]={0x00550023,0x00158593,0xff1ff06f,0x00008067}
0x800000c0:sb     t0,0x000(a0)        mem[0x10000000]=0x78
#cache_mem:irh    0x800000c4          line=4,age=0,id=0x1000001,block[1]={0x00550023,0x00158593,0xff1ff06f,0x00008067}
0x800000c4:addi   a1,a1,0x001         a1=0x80000142+0x00000001=0x80000143
#cache_mem:irh    0x800000c8          line=4,age=0,id=0x1000001,block[1]={0x00550023,0x00158593,0xff1ff06f,0x00008067}
0x800000c8:jal    zero,0xffff8        pc=0x800000b8,zero=0x800000cc
#cache_mem:irh    0x800000b8          line=3,age=0,id=0x1000001,block[0]={0xfb1ff06f,0x00000013,0x00058283,0x00028863}
#cache_mem:drh    0x80000143          line=4,age=0,id=0x1000002,block[0]={0x69786f50,0x20562d6d,0x69726573,0x796c6c61}
0x800000b8:lb     t0,0x000(a1)        t0=mem[0x80000143]=0x00000069
#cache_mem:irh    0x800000bc          line=3,age=0,id=0x1000001,block[0]={0xfb1ff06f,0x00000013,0x00058283,0x00028863}
0x800000bc:beq    t0,zero,0x008       (0x00000069==0x00000000)=0->pc=0x800000c0
#cache_mem:irh    0x800000c0          line=4,age=0,id=0x1000001,block[1]={0x00550023,0x00158593,0xff1ff06f,0x00008067}
0x800000c0:sb     t0,0x000(a0)        mem[0x10000000]=0x69
#cache_mem:irh    0x800000c4          line=4,age=0,id=0x1000001,block[1]={0x00550023,0x00158593,0xff1ff06f,0x00008067}
0x800000c4:addi   a1,a1,0x001         a1=0x80000143+0x00000001=0x80000144
#cache_mem:irh    0x800000c8          line=4,age=0,id=0x1000001,block[1]={0x00550023,0x00158593,0xff1ff06f,0x00008067}
0x800000c8:jal    zero,0xffff8        pc=0x800000b8,zero=0x800000cc
#cache_mem:irh    0x800000b8          line=3,age=0,id=0x1000001,block[0]={0xfb1ff06f,0x00000013,0x00058283,0x00028863}
#cache_mem:drh    0x80000144          line=4,age=0,id=0x1000002,block[0]={0x69786f50,0x20562d6d,0x69726573,0x796c6c61}
0x800000b8:lb     t0,0x000(a1)        t0=mem[0x80000144]=0x0000006d
#cache_mem:irh    0x800000bc          line=3,age=0,id=0x1000001,block[0]={0xfb1ff06f,0x00000013,0x00058283,0x00028863}
0x800000bc:beq    t0,zero,0x008       (0x0000006d==0x00000000)=0->pc=0x800000c0
#cache_mem:irh    0x800000c0          line=4,age=0,id=0x1000001,block[1]={0x00550023,0x00158593,0xff1ff06f,0x00008067}
0x800000c0:sb     t0,0x000(a0)        mem[0x10000000]=0x6d
#cache_mem:irh    0x800000c4          line=4,age=0,id=0x1000001,block[1]={0x00550023,0x00158593,0xff1ff06f,0x00008067}
0x800000c4:addi   a1,a1,0x001         a1=0x80000144+0x00000001=0x80000145
#cache_mem:irh    0x800000c8          line=4,age=0,id=0x1000001,block[1]={0x00550023,0x00158593,0xff1ff06f,0x00008067}
0x800000c8:jal    zero,0xffff8        pc=0x800000b8,zero=0x800000cc
#cache_mem:irh    0x800000b8          line=3,age=0,id=0x1000001,block[0]={0xfb1ff06f,0x00000013,0x00058283,0x00028863}
#cache_mem:drh    0x80000145          line=4,age=0,id=0x1000002,block[0]={0x69786f50,0x20562d6d,0x69726573,0x796c6c61}
0x800000b8:lb     t0,0x000(a1)        t0=mem[0x80000145]=0x0000002d
#cache_mem:irh    0x800000bc          line=3,age=0,id=0x1000001,block[0]={0xfb1ff06f,0x00000013,0x00058283,0x00028863}
0x800000bc:beq    t0,zero,0x008       (0x0000002d==0x00000000)=0->pc=0x800000c0
#cache_mem:irh    0x800000c0          line=4,age=0,id=0x1000001,block[1]={0x00550023,0x00158593,0xff1ff06f,0x00008067}
0x800000c0:sb     t0,0x000(a0)        mem[0x10000000]=0x2d
#cache_mem:irh    0x800000c4          line=4,age=0,id=0x1000001,block[1]={0x00550023,0x00158593,0xff1ff06f,0x00008067}
0x800000c4:addi   a1,a1,0x001         a1=0x80000145+0x00000001=0x80000146
#cache_mem:irh    0x800000c8          line=4,age=0,id=0x1000001,block[1]={0x00550023,0x00158593,0xff1ff06f,0x00008067}
0x800000c8:jal    zero,0xffff8        pc=0x800000b8,zero=0x800000cc
#cache_mem:irh    0x800000b8          line=3,age=0,id=0x1000001,block[0]={0xfb1ff06f,0x00000013,0x00058283,0x00028863}
#cache_mem:drh    0x80000146          line=4,age=0,id=0x1000002,block[0]={0x69786f50,0x20562d6d,0x69726573,0x796c6c61}
0x800000b8:lb     t0,0x000(a1)        t0=mem[0x80000146]=0x00000056
#cache_mem:irh    0x800000bc          line=3,age=0,id=0x1000001,block[0]={0xfb1ff06f,0x00000013,0x00058283,0x00028863}
0x800000bc:beq    t0,zero,0x008       (0x00000056==0x00000000)=0->pc=0x800000c0
#cache_mem:irh    0x800000c0          line=4,age=0,id=0x1000001,block[1]={0x00550023,0x00158593,0xff1ff06f,0x00008067}
0x800000c0:sb     t0,0x000(a0)        mem[0x10000000]=0x56
#cache_mem:irh    0x800000c4          line=4,age=0,id=0x1000001,block[1]={0x00550023,0x00158593,0xff1ff06f,0x00008067}
0x800000c4:addi   a1,a1,0x001         a1=0x80000146+0x00000001=0x80000147
#cache_mem:irh    0x800000c8          line=4,age=0,id=0x1000001,block[1]={0x00550023,0x00158593,0xff1ff06f,0x00008067}
0x800000c8:jal    zero,0xffff8        pc=0x800000b8,zero=0x800000cc
#cache_mem:irh    0x800000b8          line=3,age=0,id=0x1000001,block[0]={0xfb1ff06f,0x00000013,0x00058283,0x00028863}
#cache_mem:drh    0x80000147          line=4,age=0,id=0x1000002,block[0]={0x69786f50,0x20562d6d,0x69726573,0x796c6c61}
0x800000b8:lb     t0,0x000(a1)        t0=mem[0x80000147]=0x00000020
#cache_mem:irh    0x800000bc          line=3,age=0,id=0x1000001,block[0]={0xfb1ff06f,0x00000013,0x00058283,0x00028863}
0x800000bc:beq    t0,zero,0x008       (0x00000020==0x00000000)=0->pc=0x800000c0
#cache_mem:irh    0x800000c0          line=4,age=0,id=0x1000001,block[1]={0x00550023,0x00158593,0xff1ff06f,0x00008067}
0x800000c0:sb     t0,0x000(a0)        mem[0x10000000]=0x20
#cache_mem:irh    0x800000c4          line=4,age=0,id=0x1000001,block[1]={0x00550023,0x00158593,0xff1ff06f,0x00008067}
0x800000c4:addi   a1,a1,0x001         a1=0x80000147+0x00000001=0x80000148
#cache_mem:irh    0x800000c8          line=4,age=0,id=0x1000001,block[1]={0x00550023,0x00158593,0xff1ff06f,0x00008067}
0x800000c8:jal    zero,0xffff8        pc=0x800000b8,zero=0x800000cc
#cache_mem:irh    0x800000b8          line=3,age=0,id=0x1000001,block[0]={0xfb1ff06f,0x00000013,0x00058283,0x00028863}
#cache_mem:drh    0x80000148          line=4,age=0,id=0x1000002,block[0]={0x69786f50,0x20562d6d,0x69726573,0x796c6c61}
0x800000b8:lb     t0,0x000(a1)        t0=mem[0x80000148]=0x00000073
#cache_mem:irh    0x800000bc          line=3,age=0,id=0x1000001,block[0]={0xfb1ff06f,0x00000013,0x00058283,0x00028863}
0x800000bc:beq    t0,zero,0x008       (0x00000073==0x00000000)=0->pc=0x800000c0
#cache_mem:irh    0x800000c0          line=4,age=0,id=0x1000001,block[1]={0x00550023,0x00158593,0xff1ff06f,0x00008067}
0x800000c0:sb     t0,0x000(a0)        mem[0x10000000]=0x73
#cache_mem:irh    0x800000c4          line=4,age=0,id=0x1000001,block[1]={0x00550023,0x00158593,0xff1ff06f,0x00008067}
0x800000c4:addi   a1,a1,0x001         a1=0x80000148+0x00000001=0x80000149
#cache_mem:irh    0x800000c8          line=4,age=0,id=0x1000001,block[1]={0x00550023,0x00158593,0xff1ff06f,0x00008067}
0x800000c8:jal    zero,0xffff8        pc=0x800000b8,zero=0x800000cc
#cache_mem:irh    0x800000b8          line=3,age=0,id=0x1000001,block[0]={0xfb1ff06f,0x00000013,0x00058283,0x00028863}
#cache_mem:drh    0x80000149          line=4,age=0,id=0x1000002,block[0]={0x69786f50,0x20562d6d,0x69726573,0x796c6c61}
0x800000b8:lb     t0,0x000(a1)        t0=mem[0x80000149]=0x00000065
#cache_mem:irh    0x800000bc          line=3,age=0,id=0x1000001,block[0]={0xfb1ff06f,0x00000013,0x00058283,0x00028863}
0x800000bc:beq    t0,zero,0x008       (0x00000065==0x00000000)=0->pc=0x800000c0
#cache_mem:irh    0x800000c0          line=4,age=0,id=0x1000001,block[1]={0x00550023,0x00158593,0xff1ff06f,0x00008067}
0x800000c0:sb     t0,0x000(a0)        mem[0x10000000]=0x65
#cache_mem:irh    0x800000c4          line=4,age=0,id=0x1000001,block[1]={0x00550023,0x00158593,0xff1ff06f,0x00008067}
0x800000c4:addi   a1,a1,0x001         a1=0x80000149+0x00000001=0x8000014a
#cache_mem:irh    0x800000c8          line=4,age=0,id=0x1000001,block[1]={0x00550023,0x00158593,0xff1ff06f,0x00008067}
0x800000c8:jal    zero,0xffff8        pc=0x800000b8,zero=0x800000cc
#cache_mem:irh    0x800000b8          line=3,age=0,id=0x1000001,block[0]={0xfb1ff06f,0x00000013,0x00058283,0x00028863}
#cache_mem:drh    0x8000014a          line=4,age=0,id=0x1000002,block[0]={0x69786f50,0x20562d6d,0x69726573,0x796c6c61}
0x800000b8:lb     t0,0x000(a1)        t0=mem[0x8000014a]=0x00000072
#cache_mem:irh    0x800000bc          line=3,age=0,id=0x1000001,block[0]={0xfb1ff06f,0x00000013,0x00058283,0x00028863}
0x800000bc:beq    t0,zero,0x008       (0x00000072==0x00000000)=0->pc=0x800000c0
#cache_mem:irh    0x800000c0          line=4,age=0,id=0x1000001,block[1]={0x00550023,0x00158593,0xff1ff06f,0x00008067}
0x800000c0:sb     t0,0x000(a0)        mem[0x10000000]=0x72
#cache_mem:irh    0x800000c4          line=4,age=0,id=0x1000001,block[1]={0x00550023,0x00158593,0xff1ff06f,0x00008067}
0x800000c4:addi   a1,a1,0x001         a1=0x8000014a+0x00000001=0x8000014b
#cache_mem:irh    0x800000c8          line=4,age=0,id=0x1000001,block[1]={0x00550023,0x00158593,0xff1ff06f,0x00008067}
0x800000c8:jal    zero,0xffff8        pc=0x800000b8,zero=0x800000cc
#cache_mem:irh    0x800000b8          line=3,age=0,id=0x1000001,block[0]={0xfb1ff06f,0x00000013,0x00058283,0x00028863}
#cache_mem:drh    0x8000014b          line=4,age=0,id=0x1000002,block[0]={0x69786f50,0x20562d6d,0x69726573,0x796c6c61}
0x800000b8:lb     t0,0x000(a1)        t0=mem[0x8000014b]=0x00000069
#cache_mem:irh    0x800000bc          line=3,age=0,id=0x1000001,block[0]={0xfb1ff06f,0x00000013,0x00058283,0x00028863}
0x800000bc:beq    t0,zero,0x008       (0x00000069==0x00000000)=0->pc=0x800000c0
#cache_mem:irh    0x800000c0          line=4,age=0,id=0x1000001,block[1]={0x00550023,0x00158593,0xff1ff06f,0x00008067}
0x800000c0:sb     t0,0x000(a0)        mem[0x10000000]=0x69
#cache_mem:irh    0x800000c4          line=4,age=0,id=0x1000001,block[1]={0x00550023,0x00158593,0xff1ff06f,0x00008067}
0x800000c4:addi   a1,a1,0x001         a1=0x8000014b+0x00000001=0x8000014c
#cache_mem:irh    0x800000c8          line=4,age=0,id=0x1000001,block[1]={0x00550023,0x00158593,0xff1ff06f,0x00008067}
0x800000c8:jal    zero,0xffff8        pc=0x800000b8,zero=0x800000cc
#cache_mem:irh    0x800000b8          line=3,age=0,id=0x1000001,block[0]={0xfb1ff06f,0x00000013,0x00058283,0x00028863}
#cache_mem:drh    0x8000014c          line=4,age=0,id=0x1000002,block[0]={0x69786f50,0x20562d6d,0x69726573,0x796c6c61}
0x800000b8:lb     t0,0x000(a1)        t0=mem[0x8000014c]=0x00000061
#cache_mem:irh    0x800000bc          line=3,age=0,id=0x1000001,block[0]={0xfb1ff06f,0x00000013,0x00058283,0x00028863}
0x800000bc:beq    t0,zero,0x008       (0x00000061==0x00000000)=0->pc=0x800000c0
#cache_mem:irh    0x800000c0          line=4,age=0,id=0x1000001,block[1]={0x00550023,0x00158593,0xff1ff06f,0x00008067}
0x800000c0:sb     t0,0x000(a0)        mem[0x10000000]=0x61
#cache_mem:irh    0x800000c4          line=4,age=0,id=0x1000001,block[1]={0x00550023,0x00158593,0xff1ff06f,0x00008067}
0x800000c4:addi   a1,a1,0x001         a1=0x8000014c+0x00000001=0x8000014d
#cache_mem:irh    0x800000c8          line=4,age=0,id=0x1000001,block[1]={0x00550023,0x00158593,0xff1ff06f,0x00008067}
0x800000c8:jal    zero,0xffff8        pc=0x800000b8,zero=0x800000cc
#cache_mem:irh    0x800000b8          line=3,age=0,id=0x1000001,block[0]={0xfb1ff06f,0x00000013,0x00058283,0x00028863}
#cache_mem:drh    0x8000014d          line=4,age=0,id=0x1000002,block[0]={0x69786f50,0x20562d6d,0x69726573,0x796c6c61}
0x800000b8:lb     t0,0x000(a1)        t0=mem[0x8000014d]=0x0000006c
#cache_mem:irh    0x800000bc          line=3,age=0,id=0x1000001,block[0]={0xfb1ff06f,0x00000013,0x00058283,0x00028863}
0x800000bc:beq    t0,zero,0x008       (0x0000006c==0x00000000)=0->pc=0x800000c0
#cache_mem:irh    0x800000c0          line=4,age=0,id=0x1000001,block[1]={0x00550023,0x00158593,0xff1ff06f,0x00008067}
0x800000c0:sb     t0,0x000(a0)        mem[0x10000000]=0x6c
#cache_mem:irh    0x800000c4          line=4,age=0,id=0x1000001,block[1]={0x00550023,0x00158593,0xff1ff06f,0x00008067}
0x800000c4:addi   a1,a1,0x001         a1=0x8000014d+0x00000001=0x8000014e
#cache_mem:irh    0x800000c8          line=4,age=0,id=0x1000001,block[1]={0x00550023,0x00158593,0xff1ff06f,0x00008067}
0x800000c8:jal    zero,0xffff8        pc=0x800000b8,zero=0x800000cc
#cache_mem:irh    0x800000b8          line=3,age=0,id=0x1000001,block[0]={0xfb1ff06f,0x00000013,0x00058283,0x00028863}
#cache_mem:drh    0x8000014e          line=4,age=0,id=0x1000002,block[0]={0x69786f50,0x20562d6d,0x69726573,0x796c6c61}
0x800000b8:lb     t0,0x000(a1)        t0=mem[0x8000014e]=0x0000006c
#cache_mem:irh    0x800000bc          line=3,age=0,id=0x1000001,block[0]={0xfb1ff06f,0x00000013,0x00058283,0x00028863}
0x800000bc:beq    t0,zero,0x008       (0x0000006c==0x00000000)=0->pc=0x800000c0
#cache_mem:irh    0x800000c0          line=4,age=0,id=0x1000001,block[1]={0x00550023,0x00158593,0xff1ff06f,0x00008067}
0x800000c0:sb     t0,0x000(a0)        mem[0x10000000]=0x6c
#cache_mem:irh    0x800000c4          line=4,age=0,id=0x1000001,block[1]={0x00550023,0x00158593,0xff1ff06f,0x00008067}
0x800000c4:addi   a1,a1,0x001         a1=0x8000014e+0x00000001=0x8000014f
#cache_mem:irh    0x800000c8          line=4,age=0,id=0x1000001,block[1]={0x00550023,0x00158593,0xff1ff06f,0x00008067}
0x800000c8:jal    zero,0xffff8        pc=0x800000b8,zero=0x800000cc
#cache_mem:irh    0x800000b8          line=3,age=0,id=0x1000001,block[0]={0xfb1ff06f,0x00000013,0x00058283,0x00028863}
#cache_mem:drh    0x8000014f          line=4,age=0,id=0x1000002,block[0]={0x69786f50,0x20562d6d,0x69726573,0x796c6c61}
0x800000b8:lb     t0,0x000(a1)        t0=mem[0x8000014f]=0x00000079
#cache_mem:irh    0x800000bc          line=3,age=0,id=0x1000001,block[0]={0xfb1ff06f,0x00000013,0x00058283,0x00028863}
0x800000bc:beq    t0,zero,0x008       (0x00000079==0x00000000)=0->pc=0x800000c0
#cache_mem:irh    0x800000c0          line=4,age=0,id=0x1000001,block[1]={0x00550023,0x00158593,0xff1ff06f,0x00008067}
0x800000c0:sb     t0,0x000(a0)        mem[0x10000000]=0x79
#cache_mem:irh    0x800000c4          line=4,age=0,id=0x1000001,block[1]={0x00550023,0x00158593,0xff1ff06f,0x00008067}
0x800000c4:addi   a1,a1,0x001         a1=0x8000014f+0x00000001=0x80000150
#cache_mem:irh    0x800000c8          line=4,age=0,id=0x1000001,block[1]={0x00550023,0x00158593,0xff1ff06f,0x00008067}
0x800000c8:jal    zero,0xffff8        pc=0x800000b8,zero=0x800000cc
#cache_mem:irh    0x800000b8          line=3,age=0,id=0x1000001,block[0]={0xfb1ff06f,0x00000013,0x00058283,0x00028863}
#cache_mem:drm    0x80000150          line=5,valid={0,0},age={0,0},id={0x0000000,0x0000000}
0x800000b8:lb     t0,0x000(a1)        t0=mem[0x80000150]=0x00000020
#cache_mem:irh    0x800000bc          line=3,age=0,id=0x1000001,block[0]={0xfb1ff06f,0x00000013,0x00058283,0x00028863}
0x800000bc:beq    t0,zero,0x008       (0x00000020==0x00000000)=0->pc=0x800000c0
#cache_mem:irh    0x800000c0          line=4,age=0,id=0x1000001,block[1]={0x00550023,0x00158593,0xff1ff06f,0x00008067}
0x800000c0:sb     t0,0x000(a0)        mem[0x10000000]=0x20
#cache_mem:irh    0x800000c4          line=4,age=0,id=0x1000001,block[1]={0x00550023,0x00158593,0xff1ff06f,0x00008067}
0x800000c4:addi   a1,a1,0x001         a1=0x80000150+0x00000001=0x80000151
#cache_mem:irh    0x800000c8          line=4,age=0,id=0x1000001,block[1]={0x00550023,0x00158593,0xff1ff06f,0x00008067}
0x800000c8:jal    zero,0xffff8        pc=0x800000b8,zero=0x800000cc
#cache_mem:irh    0x800000b8          line=3,age=0,id=0x1000001,block[0]={0xfb1ff06f,0x00000013,0x00058283,0x00028863}
#cache_mem:drh    0x80000151          line=5,age=0,id=0x1000002,block[0]={0x79617320,0x00203a73,0x00000000,0x00000000}
0x800000b8:lb     t0,0x000(a1)        t0=mem[0x80000151]=0x00000073
#cache_mem:irh    0x800000bc          line=3,age=0,id=0x1000001,block[0]={0xfb1ff06f,0x00000013,0x00058283,0x00028863}
0x800000bc:beq    t0,zero,0x008       (0x00000073==0x00000000)=0->pc=0x800000c0
#cache_mem:irh    0x800000c0          line=4,age=0,id=0x1000001,block[1]={0x00550023,0x00158593,0xff1ff06f,0x00008067}
0x800000c0:sb     t0,0x000(a0)        mem[0x10000000]=0x73
#cache_mem:irh    0x800000c4          line=4,age=0,id=0x1000001,block[1]={0x00550023,0x00158593,0xff1ff06f,0x00008067}
0x800000c4:addi   a1,a1,0x001         a1=0x80000151+0x00000001=0x80000152
#cache_mem:irh    0x800000c8          line=4,age=0,id=0x1000001,block[1]={0x00550023,0x00158593,0xff1ff06f,0x00008067}
0x800000c8:jal    zero,0xffff8        pc=0x800000b8,zero=0x800000cc
#cache_mem:irh    0x800000b8          line=3,age=0,id=0x1000001,block[0]={0xfb1ff06f,0x00000013,0x00058283,0x00028863}
#cache_mem:drh    0x80000152          line=5,age=0,id=0x1000002,block[0]={0x79617320,0x00203a73,0x00000000,0x00000000}
0x800000b8:lb     t0,0x000(a1)        t0=mem[0x80000152]=0x00000061
#cache_mem:irh    0x800000bc          line=3,age=0,id=0x1000001,block[0]={0xfb1ff06f,0x00000013,0x00058283,0x00028863}
0x800000bc:beq    t0,zero,0x008       (0x00000061==0x00000000)=0->pc=0x800000c0
#cache_mem:irh    0x800000c0          line=4,age=0,id=0x1000001,block[1]={0x00550023,0x00158593,0xff1ff06f,0x00008067}
0x800000c0:sb     t0,0x000(a0)        mem[0x10000000]=0x61
#cache_mem:irh    0x800000c4          line=4,age=0,id=0x1000001,block[1]={0x00550023,0x00158593,0xff1ff06f,0x00008067}
0x800000c4:addi   a1,a1,0x001         a1=0x80000152+0x00000001=0x80000153
#cache_mem:irh    0x800000c8          line=4,age=0,id=0x1000001,block[1]={0x00550023,0x00158593,0xff1ff06f,0x00008067}
0x800000c8:jal    zero,0xffff8        pc=0x800000b8,zero=0x800000cc
#cache_mem:irh    0x800000b8          line=3,age=0,id=0x1000001,block[0]={0xfb1ff06f,0x00000013,0x00058283,0x00028863}
#cache_mem:drh    0x80000153          line=5,age=0,id=0x1000002,block[0]={0x79617320,0x00203a73,0x00000000,0x00000000}
0x800000b8:lb     t0,0x000(a1)        t0=mem[0x80000153]=0x00000079
#cache_mem:irh    0x800000bc          line=3,age=0,id=0x1000001,block[0]={0xfb1ff06f,0x00000013,0x00058283,0x00028863}
0x800000bc:beq    t0,zero,0x008       (0x00000079==0x00000000)=0->pc=0x800000c0
#cache_mem:irh    0x800000c0          line=4,age=0,id=0x1000001,block[1]={0x00550023,0x00158593,0xff1ff06f,0x00008067}
0x800000c0:sb     t0,0x000(a0)        mem[0x10000000]=0x79
#cache_mem:irh    0x800000c4          line=4,age=0,id=0x1000001,block[1]={0x00550023,0x00158593,0xff1ff06f,0x00008067}
0x800000c4:addi   a1,a1,0x001         a1=0x80000153+0x00000001=0x80000154
#cache_mem:irh    0x800000c8          line=4,age=0,id=0x1000001,block[1]={0x00550023,0x00158593,0xff1ff06f,0x00008067}
0x800000c8:jal    zero,0xffff8        pc=0x800000b8,zero=0x800000cc
#cache_mem:irh    0x800000b8          line=3,age=0,id=0x1000001,block[0]={0xfb1ff06f,0x00000013,0x00058283,0x00028863}
#cache_mem:drh    0x80000154          line=5,age=0,id=0x1000002,block[0]={0x79617320,0x00203a73,0x00000000,0x00000000}
0x800000b8:lb     t0,0x000(a1)        t0=mem[0x80000154]=0x00000073
#cache_mem:irh    0x800000bc          line=3,age=0,id=0x1000001,block[0]={0xfb1ff06f,0x00000013,0x00058283,0x00028863}
0x800000bc:beq    t0,zero,0x008       (0x00000073==0x00000000)=0->pc=0x800000c0
#cache_mem:irh    0x800000c0          line=4,age=0,id=0x1000001,block[1]={0x00550023,0x00158593,0xff1ff06f,0x00008067}
0x800000c0:sb     t0,0x000(a0)        mem[0x10000000]=0x73
#cache_mem:irh    0x800000c4          line=4,age=0,id=0x1000001,block[1]={0x00550023,0x00158593,0xff1ff06f,0x00008067}
0x800000c4:addi   a1,a1,0x001         a1=0x80000154+0x00000001=0x80000155
#cache_mem:irh    0x800000c8          line=4,age=0,id=0x1000001,block[1]={0x00550023,0x00158593,0xff1ff06f,0x00008067}
0x800000c8:jal    zero,0xffff8        pc=0x800000b8,zero=0x800000cc
#cache_mem:irh    0x800000b8          line=3,age=0,id=0x1000001,block[0]={0xfb1ff06f,0x00000013,0x00058283,0x00028863}
#cache_mem:drh    0x80000155          line=5,age=0,id=0x1000002,block[0]={0x79617320,0x00203a73,0x00000000,0x00000000}
0x800000b8:lb     t0,0x000(a1)        t0=mem[0x80000155]=0x0000003a
#cache_mem:irh    0x800000bc          line=3,age=0,id=0x1000001,block[0]={0xfb1ff06f,0x00000013,0x00058283,0x00028863}
0x800000bc:beq    t0,zero,0x008       (0x0000003a==0x00000000)=0->pc=0x800000c0
#cache_mem:irh    0x800000c0          line=4,age=0,id=0x1000001,block[1]={0x00550023,0x00158593,0xff1ff06f,0x00008067}
0x800000c0:sb     t0,0x000(a0)        mem[0x10000000]=0x3a
#cache_mem:irh    0x800000c4          line=4,age=0,id=0x1000001,block[1]={0x00550023,0x00158593,0xff1ff06f,0x00008067}
0x800000c4:addi   a1,a1,0x001         a1=0x80000155+0x00000001=0x80000156
#cache_mem:irh    0x800000c8          line=4,age=0,id=0x1000001,block[1]={0x00550023,0x00158593,0xff1ff06f,0x00008067}
0x800000c8:jal    zero,0xffff8        pc=0x800000b8,zero=0x800000cc
#cache_mem:irh    0x800000b8          line=3,age=0,id=0x1000001,block[0]={0xfb1ff06f,0x00000013,0x00058283,0x00028863}
#cache_mem:drh    0x80000156          line=5,age=0,id=0x1000002,block[0]={0x79617320,0x00203a73,0x00000000,0x00000000}
0x800000b8:lb     t0,0x000(a1)        t0=mem[0x80000156]=0x00000020
#cache_mem:irh    0x800000bc          line=3,age=0,id=0x1000001,block[0]={0xfb1ff06f,0x00000013,0x00058283,0x00028863}
0x800000bc:beq    t0,zero,0x008       (0x00000020==0x00000000)=0->pc=0x800000c0
#cache_mem:irh    0x800000c0          line=4,age=0,id=0x1000001,block[1]={0x00550023,0x00158593,0xff1ff06f,0x00008067}
0x800000c0:sb     t0,0x000(a0)        mem[0x10000000]=0x20
#cache_mem:irh    0x800000c4          line=4,age=0,id=0x1000001,block[1]={0x00550023,0x00158593,0xff1ff06f,0x00008067}
0x800000c4:addi   a1,a1,0x001         a1=0x80000156+0x00000001=0x80000157
#cache_mem:irh    0x800000c8          line=4,age=0,id=0x1000001,block[1]={0x00550023,0x00158593,0xff1ff06f,0x00008067}
0x800000c8:jal    zero,0xffff8        pc=0x800000b8,zero=0x800000cc
#cache_mem:irh    0x800000b8          line=3,age=0,id=0x1000001,block[0]={0xfb1ff06f,0x00000013,0x00058283,0x00028863}
#cache_mem:drh    0x80000157          line=5,age=0,id=0x1000002,block[0]={0x79617320,0x00203a73,0x00000000,0x00000000}
0x800000b8:lb     t0,0x000(a1)        t0=mem[0x80000157]=0x00000000
#cache_mem:irh    0x800000bc          line=3,age=0,id=0x1000001,block[0]={0xfb1ff06f,0x00000013,0x00058283,0x00028863}
0x800000bc:beq    t0,zero,0x008       (0x00000000==0x00000000)=1->pc=0x800000cc
#cache_mem:irh    0x800000cc          line=4,age=0,id=0x1000001,block[1]={0x00550023,0x00158593,0xff1ff06f,0x00008067}
0x800000cc:jalr   zero,ra,0x000       pc=0x80000114+0x00000000,zero=0x800000d0
#cache_mem:irh    0x80000114          line=1,age=0,id=0x1000002,block[0]={0xfa9ff0ef,0x00000597,0x01c58593,0xf9dff0ef}
0x80000114:auipc  a1,0x00000          a1=0x80000114+0x00000000=0x80000114
#cache_mem:irh    0x80000118          line=1,age=0,id=0x1000002,block[0]={0xfa9ff0ef,0x00000597,0x01c58593,0xf9dff0ef}
0x80000118:addi   a1,a1,0x01c         a1=0x80000114+0x0000001c=0x80000130
#cache_mem:irh    0x8000011c          line=1,age=0,id=0x1000002,block[0]={0xfa9ff0ef,0x00000597,0x01c58593,0xf9dff0ef}
0x8000011c:jal    ra,0xfffce          pc=0x800000b8,ra=0x80000120
#cache_mem:irh    0x800000b8          line=3,age=0,id=0x1000001,block[0]={0xfb1ff06f,0x00000013,0x00058283,0x00028863}
#cache_mem:drm    0x80000130          line=3,valid={0,0},age={0,0},id={0x0000000,0x0000000}
0x800000b8:lb     t0,0x000(a1)        t0=mem[0x80000130]=0x00000048
#cache_mem:irh    0x800000bc          line=3,age=0,id=0x1000001,block[0]={0xfb1ff06f,0x00000013,0x00058283,0x00028863}
0x800000bc:beq    t0,zero,0x008       (0x00000048==0x00000000)=0->pc=0x800000c0
#cache_mem:irh    0x800000c0          line=4,age=0,id=0x1000001,block[1]={0x00550023,0x00158593,0xff1ff06f,0x00008067}
0x800000c0:sb     t0,0x000(a0)        mem[0x10000000]=0x48
#cache_mem:irh    0x800000c4          line=4,age=0,id=0x1000001,block[1]={0x00550023,0x00158593,0xff1ff06f,0x00008067}
0x800000c4:addi   a1,a1,0x001         a1=0x80000130+0x00000001=0x80000131
#cache_mem:irh    0x800000c8          line=4,age=0,id=0x1000001,block[1]={0x00550023,0x00158593,0xff1ff06f,0x00008067}
0x800000c8:jal    zero,0xffff8        pc=0x800000b8,zero=0x800000cc
#cache_mem:irh    0x800000b8          line=3,age=0,id=0x1000001,block[0]={0xfb1ff06f,0x00000013,0x00058283,0x00028863}
#cache_mem:drh    0x80000131          line=3,age=0,id=0x1000002,block[0]={0x6c6c6548,0x6f77206f,0x21646c72,0x0000000a}
0x800000b8:lb     t0,0x000(a1)        t0=mem[0x80000131]=0x00000065
#cache_mem:irh    0x800000bc          line=3,age=0,id=0x1000001,block[0]={0xfb1ff06f,0x00000013,0x00058283,0x00028863}
0x800000bc:beq    t0,zero,0x008       (0x00000065==0x00000000)=0->pc=0x800000c0
#cache_mem:irh    0x800000c0          line=4,age=0,id=0x1000001,block[1]={0x00550023,0x00158593,0xff1ff06f,0x00008067}
0x800000c0:sb     t0,0x000(a0)        mem[0x10000000]=0x65
#cache_mem:irh    0x800000c4          line=4,age=0,id=0x1000001,block[1]={0x00550023,0x00158593,0xff1ff06f,0x00008067}
0x800000c4:addi   a1,a1,0x001         a1=0x80000131+0x00000001=0x80000132
#cache_mem:irh    0x800000c8          line=4,age=0,id=0x1000001,block[1]={0x00550023,0x00158593,0xff1ff06f,0x00008067}
0x800000c8:jal    zero,0xffff8        pc=0x800000b8,zero=0x800000cc
#cache_mem:irh    0x800000b8          line=3,age=0,id=0x1000001,block[0]={0xfb1ff06f,0x00000013,0x00058283,0x00028863}
#cache_mem:drh    0x80000132          line=3,age=0,id=0x1000002,block[0]={0x6c6c6548,0x6f77206f,0x21646c72,0x0000000a}
0x800000b8:lb     t0,0x000(a1)        t0=mem[0x80000132]=0x0000006c
#cache_mem:irh    0x800000bc          line=3,age=0,id=0x1000001,block[0]={0xfb1ff06f,0x00000013,0x00058283,0x00028863}
0x800000bc:beq    t0,zero,0x008       (0x0000006c==0x00000000)=0->pc=0x800000c0
#cache_mem:irh    0x800000c0          line=4,age=0,id=0x1000001,block[1]={0x00550023,0x00158593,0xff1ff06f,0x00008067}
0x800000c0:sb     t0,0x000(a0)        mem[0x10000000]=0x6c
#cache_mem:irh    0x800000c4          line=4,age=0,id=0x1000001,block[1]={0x00550023,0x00158593,0xff1ff06f,0x00008067}
0x800000c4:addi   a1,a1,0x001         a1=0x80000132+0x00000001=0x80000133
#cache_mem:irh    0x800000c8          line=4,age=0,id=0x1000001,block[1]={0x00550023,0x00158593,0xff1ff06f,0x00008067}
0x800000c8:jal    zero,0xffff8        pc=0x800000b8,zero=0x800000cc
#cache_mem:irh    0x800000b8          line=3,age=0,id=0x1000001,block[0]={0xfb1ff06f,0x00000013,0x00058283,0x00028863}
#cache_mem:drh    0x80000133          line=3,age=0,id=0x1000002,block[0]={0x6c6c6548,0x6f77206f,0x21646c72,0x0000000a}
0x800000b8:lb     t0,0x000(a1)        t0=mem[0x80000133]=0x0000006c
#cache_mem:irh    0x800000bc          line=3,age=0,id=0x1000001,block[0]={0xfb1ff06f,0x00000013,0x00058283,0x00028863}
0x800000bc:beq    t0,zero,0x008       (0x0000006c==0x00000000)=0->pc=0x800000c0
#cache_mem:irh    0x800000c0          line=4,age=0,id=0x1000001,block[1]={0x00550023,0x00158593,0xff1ff06f,0x00008067}
0x800000c0:sb     t0,0x000(a0)        mem[0x10000000]=0x6c
#cache_mem:irh    0x800000c4          line=4,age=0,id=0x1000001,block[1]={0x00550023,0x00158593,0xff1ff06f,0x00008067}
0x800000c4:addi   a1,a1,0x001         a1=0x80000133+0x00000001=0x80000134
#cache_mem:irh    0x800000c8          line=4,age=0,id=0x1000001,block[1]={0x00550023,0x00158593,0xff1ff06f,0x00008067}
0x800000c8:jal    zero,0xffff8        pc=0x800000b8,zero=0x800000cc
#cache_mem:irh    0x800000b8          line=3,age=0,id=0x1000001,block[0]={0xfb1ff06f,0x00000013,0x00058283,0x00028863}
#cache_mem:drh    0x80000134          line=3,age=0,id=0x1000002,block[0]={0x6c6c6548,0x6f77206f,0x21646c72,0x0000000a}
0x800000b8:lb     t0,0x000(a1)        t0=mem[0x80000134]=0x0000006f
#cache_mem:irh    0x800000bc          line=3,age=0,id=0x1000001,block[0]={0xfb1ff06f,0x00000013,0x00058283,0x00028863}
0x800000bc:beq    t0,zero,0x008       (0x0000006f==0x00000000)=0->pc=0x800000c0
#cache_mem:irh    0x800000c0          line=4,age=0,id=0x1000001,block[1]={0x00550023,0x00158593,0xff1ff06f,0x00008067}
0x800000c0:sb     t0,0x000(a0)        mem[0x10000000]=0x6f
#cache_mem:irh    0x800000c4          line=4,age=0,id=0x1000001,block[1]={0x00550023,0x00158593,0xff1ff06f,0x00008067}
0x800000c4:addi   a1,a1,0x001         a1=0x80000134+0x00000001=0x80000135
#cache_mem:irh    0x800000c8          line=4,age=0,id=0x1000001,block[1]={0x00550023,0x00158593,0xff1ff06f,0x00008067}
0x800000c8:jal    zero,0xffff8        pc=0x800000b8,zero=0x800000cc
#cache_mem:irh    0x800000b8          line=3,age=0,id=0x1000001,block[0]={0xfb1ff06f,0x00000013,0x00058283,0x00028863}
#cache_mem:drh    0x80000135          line=3,age=0,id=0x1000002,block[0]={0x6c6c6548,0x6f77206f,0x21646c72,0x0000000a}
0x800000b8:lb     t0,0x000(a1)        t0=mem[0x80000135]=0x00000020
#cache_mem:irh    0x800000bc          line=3,age=0,id=0x1000001,block[0]={0xfb1ff06f,0x00000013,0x00058283,0x00028863}
0x800000bc:beq    t0,zero,0x008       (0x00000020==0x00000000)=0->pc=0x800000c0
#cache_mem:irh    0x800000c0          line=4,age=0,id=0x1000001,block[1]={0x00550023,0x00158593,0xff1ff06f,0x00008067}
0x800000c0:sb     t0,0x000(a0)        mem[0x10000000]=0x20
#cache_mem:irh    0x800000c4          line=4,age=0,id=0x1000001,block[1]={0x00550023,0x00158593,0xff1ff06f,0x00008067}
0x800000c4:addi   a1,a1,0x001         a1=0x80000135+0x00000001=0x80000136
#cache_mem:irh    0x800000c8          line=4,age=0,id=0x1000001,block[1]={0x00550023,0x00158593,0xff1ff06f,0x00008067}
0x800000c8:jal    zero,0xffff8        pc=0x800000b8,zero=0x800000cc
#cache_mem:irh    0x800000b8          line=3,age=0,id=0x1000001,block[0]={0xfb1ff06f,0x00000013,0x00058283,0x00028863}
#cache_mem:drh    0x80000136          line=3,age=0,id=0x1000002,block[0]={0x6c6c6548,0x6f77206f,0x21646c72,0x0000000a}
0x800000b8:lb     t0,0x000(a1)        t0=mem[0x80000136]=0x00000077
#cache_mem:irh    0x800000bc          line=3,age=0,id=0x1000001,block[0]={0xfb1ff06f,0x00000013,0x00058283,0x00028863}
0x800000bc:beq    t0,zero,0x008       (0x00000077==0x00000000)=0->pc=0x800000c0
#cache_mem:irh    0x800000c0          line=4,age=0,id=0x1000001,block[1]={0x00550023,0x00158593,0xff1ff06f,0x00008067}
0x800000c0:sb     t0,0x000(a0)        mem[0x10000000]=0x77
#cache_mem:irh    0x800000c4          line=4,age=0,id=0x1000001,block[1]={0x00550023,0x00158593,0xff1ff06f,0x00008067}
0x800000c4:addi   a1,a1,0x001         a1=0x80000136+0x00000001=0x80000137
#cache_mem:irh    0x800000c8          line=4,age=0,id=0x1000001,block[1]={0x00550023,0x00158593,0xff1ff06f,0x00008067}
0x800000c8:jal    zero,0xffff8        pc=0x800000b8,zero=0x800000cc
#cache_mem:irh    0x800000b8          line=3,age=0,id=0x1000001,block[0]={0xfb1ff06f,0x00000013,0x00058283,0x00028863}
#cache_mem:drh    0x80000137          line=3,age=0,id=0x1000002,block[0]={0x6c6c6548,0x6f77206f,0x21646c72,0x0000000a}
0x800000b8:lb     t0,0x000(a1)        t0=mem[0x80000137]=0x0000006f
#cache_mem:irh    0x800000bc          line=3,age=0,id=0x1000001,block[0]={0xfb1ff06f,0x00000013,0x00058283,0x00028863}
0x800000bc:beq    t0,zero,0x008       (0x0000006f==0x00000000)=0->pc=0x800000c0
#cache_mem:irh    0x800000c0          line=4,age=0,id=0x1000001,block[1]={0x00550023,0x00158593,0xff1ff06f,0x00008067}
0x800000c0:sb     t0,0x000(a0)        mem[0x10000000]=0x6f
#cache_mem:irh    0x800000c4          line=4,age=0,id=0x1000001,block[1]={0x00550023,0x00158593,0xff1ff06f,0x00008067}
0x800000c4:addi   a1,a1,0x001         a1=0x80000137+0x00000001=0x80000138
#cache_mem:irh    0x800000c8          line=4,age=0,id=0x1000001,block[1]={0x00550023,0x00158593,0xff1ff06f,0x00008067}
0x800000c8:jal    zero,0xffff8        pc=0x800000b8,zero=0x800000cc
#cache_mem:irh    0x800000b8          line=3,age=0,id=0x1000001,block[0]={0xfb1ff06f,0x00000013,0x00058283,0x00028863}
#cache_mem:drh    0x80000138          line=3,age=0,id=0x1000002,block[0]={0x6c6c6548,0x6f77206f,0x21646c72,0x0000000a}
0x800000b8:lb     t0,0x000(a1)        t0=mem[0x80000138]=0x00000072
#cache_mem:irh    0x800000bc          line=3,age=0,id=0x1000001,block[0]={0xfb1ff06f,0x00000013,0x00058283,0x00028863}
0x800000bc:beq    t0,zero,0x008       (0x00000072==0x00000000)=0->pc=0x800000c0
#cache_mem:irh    0x800000c0          line=4,age=0,id=0x1000001,block[1]={0x00550023,0x00158593,0xff1ff06f,0x00008067}
0x800000c0:sb     t0,0x000(a0)        mem[0x10000000]=0x72
#cache_mem:irh    0x800000c4          line=4,age=0,id=0x1000001,block[1]={0x00550023,0x00158593,0xff1ff06f,0x00008067}
0x800000c4:addi   a1,a1,0x001         a1=0x80000138+0x00000001=0x80000139
#cache_mem:irh    0x800000c8          line=4,age=0,id=0x1000001,block[1]={0x00550023,0x00158593,0xff1ff06f,0x00008067}
0x800000c8:jal    zero,0xffff8        pc=0x800000b8,zero=0x800000cc
#cache_mem:irh    0x800000b8          line=3,age=0,id=0x1000001,block[0]={0xfb1ff06f,0x00000013,0x00058283,0x00028863}
#cache_mem:drh    0x80000139          line=3,age=0,id=0x1000002,block[0]={0x6c6c6548,0x6f77206f,0x21646c72,0x0000000a}
0x800000b8:lb     t0,0x000(a1)        t0=mem[0x80000139]=0x0000006c
#cache_mem:irh    0x800000bc          line=3,age=0,id=0x1000001,block[0]={0xfb1ff06f,0x00000013,0x00058283,0x00028863}
0x800000bc:beq    t0,zero,0x008       (0x0000006c==0x00000000)=0->pc=0x800000c0
#cache_mem:irh    0x800000c0          line=4,age=0,id=0x1000001,block[1]={0x00550023,0x00158593,0xff1ff06f,0x00008067}
0x800000c0:sb     t0,0x000(a0)        mem[0x10000000]=0x6c
#cache_mem:irh    0x800000c4          line=4,age=0,id=0x1000001,block[1]={0x00550023,0x00158593,0xff1ff06f,0x00008067}
0x800000c4:addi   a1,a1,0x001         a1=0x80000139+0x00000001=0x8000013a
#cache_mem:irh    0x800000c8          line=4,age=0,id=0x1000001,block[1]={0x00550023,0x00158593,0xff1ff06f,0x00008067}
0x800000c8:jal    zero,0xffff8        pc=0x800000b8,zero=0x800000cc
#cache_mem:irh    0x800000b8          line=3,age=0,id=0x1000001,block[0]={0xfb1ff06f,0x00000013,0x00058283,0x00028863}
#cache_mem:drh    0x8000013a          line=3,age=0,id=0x1000002,block[0]={0x6c6c6548,0x6f77206f,0x21646c72,0x0000000a}
0x800000b8:lb     t0,0x000(a1)        t0=mem[0x8000013a]=0x00000064
#cache_mem:irh    0x800000bc          line=3,age=0,id=0x1000001,block[0]={0xfb1ff06f,0x00000013,0x00058283,0x00028863}
0x800000bc:beq    t0,zero,0x008       (0x00000064==0x00000000)=0->pc=0x800000c0
#cache_mem:irh    0x800000c0          line=4,age=0,id=0x1000001,block[1]={0x00550023,0x00158593,0xff1ff06f,0x00008067}
0x800000c0:sb     t0,0x000(a0)        mem[0x10000000]=0x64
#cache_mem:irh    0x800000c4          line=4,age=0,id=0x1000001,block[1]={0x00550023,0x00158593,0xff1ff06f,0x00008067}
0x800000c4:addi   a1,a1,0x001         a1=0x8000013a+0x00000001=0x8000013b
#cache_mem:irh    0x800000c8          line=4,age=0,id=0x1000001,block[1]={0x00550023,0x00158593,0xff1ff06f,0x00008067}
0x800000c8:jal    zero,0xffff8        pc=0x800000b8,zero=0x800000cc
#cache_mem:irh    0x800000b8          line=3,age=0,id=0x1000001,block[0]={0xfb1ff06f,0x00000013,0x00058283,0x00028863}
#cache_mem:drh    0x8000013b          line=3,age=0,id=0x1000002,block[0]={0x6c6c6548,0x6f77206f,0x21646c72,0x0000000a}
0x800000b8:lb     t0,0x000(a1)        t0=mem[0x8000013b]=0x00000021
#cache_mem:irh    0x800000bc          line=3,age=0,id=0x1000001,block[0]={0xfb1ff06f,0x00000013,0x00058283,0x00028863}
0x800000bc:beq    t0,zero,0x008       (0x00000021==0x00000000)=0->pc=0x800000c0
#cache_mem:irh    0x800000c0          line=4,age=0,id=0x1000001,block[1]={0x00550023,0x00158593,0xff1ff06f,0x00008067}
0x800000c0:sb     t0,0x000(a0)        mem[0x10000000]=0x21
#cache_mem:irh    0x800000c4          line=4,age=0,id=0x1000001,block[1]={0x00550023,0x00158593,0xff1ff06f,0x00008067}
0x800000c4:addi   a1,a1,0x001         a1=0x8000013b+0x00000001=0x8000013c
#cache_mem:irh    0x800000c8          line=4,age=0,id=0x1000001,block[1]={0x00550023,0x00158593,0xff1ff06f,0x00008067}
0x800000c8:jal    zero,0xffff8        pc=0x800000b8,zero=0x800000cc
#cache_mem:irh    0x800000b8          line=3,age=0,id=0x1000001,block[0]={0xfb1ff06f,0x00000013,0x00058283,0x00028863}
#cache_mem:drh    0x8000013c          line=3,age=0,id=0x1000002,block[0]={0x6c6c6548,0x6f77206f,0x21646c72,0x0000000a}
0x800000b8:lb     t0,0x000(a1)        t0=mem[0x8000013c]=0x0000000a
#cache_mem:irh    0x800000bc          line=3,age=0,id=0x1000001,block[0]={0xfb1ff06f,0x00000013,0x00058283,0x00028863}
0x800000bc:beq    t0,zero,0x008       (0x0000000a==0x00000000)=0->pc=0x800000c0
#cache_mem:irh    0x800000c0          line=4,age=0,id=0x1000001,block[1]={0x00550023,0x00158593,0xff1ff06f,0x00008067}
0x800000c0:sb     t0,0x000(a0)        mem[0x10000000]=0x0a
#cache_mem:irh    0x800000c4          line=4,age=0,id=0x1000001,block[1]={0x00550023,0x00158593,0xff1ff06f,0x00008067}
0x800000c4:addi   a1,a1,0x001         a1=0x8000013c+0x00000001=0x8000013d
#cache_mem:irh    0x800000c8          line=4,age=0,id=0x1000001,block[1]={0x00550023,0x00158593,0xff1ff06f,0x00008067}
0x800000c8:jal    zero,0xffff8        pc=0x800000b8,zero=0x800000cc
#cache_mem:irh    0x800000b8          line=3,age=0,id=0x1000001,block[0]={0xfb1ff06f,0x00000013,0x00058283,0x00028863}
#cache_mem:drh    0x8000013d          line=3,age=0,id=0x1000002,block[0]={0x6c6c6548,0x6f77206f,0x21646c72,0x0000000a}
0x800000b8:lb     t0,0x000(a1)        t0=mem[0x8000013d]=0x00000000
#cache_mem:irh    0x800000bc          line=3,age=0,id=0x1000001,block[0]={0xfb1ff06f,0x00000013,0x00058283,0x00028863}
0x800000bc:beq    t0,zero,0x008       (0x00000000==0x00000000)=1->pc=0x800000cc
#cache_mem:irh    0x800000cc          line=4,age=0,id=0x1000001,block[1]={0x00550023,0x00158593,0xff1ff06f,0x00008067}
0x800000cc:jalr   zero,ra,0x000       pc=0x80000120+0x00000000,zero=0x800000d0
#cache_mem:irm    0x80000120          line=2,valid={1,0},age={255,0},id={0x1000001,0x0000000}
#cache_mem:drm    0x80007ff0          line=7,valid={0,0},age={0,0},id={0x0000000,0x0000000}
0x80000120:lw     ra,0x000(sp)        ra=mem[0x80007ff0]=0x800000b0
#cache_mem:irh    0x80000124          line=2,age=0,id=0x1000002,block[1]={0x00012083,0x01010113,0x00000513,0x00008067}
0x80000124:addi   sp,sp,0x010         sp=0x80007ff0+0x00000010=0x80008000
#cache_mem:irh    0x80000128          line=2,age=0,id=0x1000002,block[1]={0x00012083,0x01010113,0x00000513,0x00008067}
0x80000128:addi   a0,zero,0x000       a0=0x00000000+0x00000000=0x00000000
#cache_mem:irh    0x8000012c          line=2,age=0,id=0x1000002,block[1]={0x00012083,0x01010113,0x00000513,0x00008067}
0x8000012c:jalr   zero,ra,0x000       pc=0x800000b0+0x00000000,zero=0x80000130
#cache_mem:irh    0x800000b0          line=3,age=0,id=0x1000001,block[0]={0xfb1ff06f,0x00000013,0x00058283,0x00028863}
0x800000b0:jal    zero,0xfffd8        pc=0x80000060,zero=0x800000b4
#cache_mem:irm    0x80000060          line=6,valid={1,0},age={198,0},id={0x1000001,0x0000000}
0x80000060:addi   sp,sp,0xff0         sp=0x80008000+0xfffffff0=0x80007ff0
#cache_mem:irh    0x80000064          line=6,age=0,id=0x1000000,block[1]={0xff010113,0x00a12223,0x02000513,0x000205b7}
#cache_mem:dwh    0x80007ff4          line=7,age=0,id=0x10000ff,block[0]={0x800000b0,0x00000000,0x00000000,0x00000000}
0x80000064:sw     a0,0x004(sp)        mem[0x80007ff4]=0x00000000
#cache_mem:irh    0x80000068          line=6,age=0,id=0x1000000,block[1]={0xff010113,0x00a12223,0x02000513,0x000205b7}
0x80000068:addi   a0,zero,0x020       a0=0x00000000+0x00000020=0x00000020
#cache_mem:irh    0x8000006c          line=6,age=0,id=0x1000000,block[1]={0xff010113,0x00a12223,0x02000513,0x000205b7}
0x8000006c:lui    a1,0x00020          a1=0x00020000
#cache_mem:irm    0x80000070          line=7,valid={1,0},age={255,0},id={0x1000001,0x0000000}
0x80000070:addi   a1,a1,0x026         a1=0x00020000+0x00000026=0x00020026
#cache_mem:irh    0x80000074          line=7,age=0,id=0x1000000,block[1]={0x02658593,0x00b12023,0x002005b3,0x014000ef}
#cache_mem:dwh    0x80007ff0          line=7,age=0,id=0x10000ff,block[0]={0x00020026,0x00000000,0x00000000,0x00000000}
0x80000074:sw     a1,0x000(sp)        mem[0x80007ff0]=0x00020026
#cache_mem:irh    0x80000078          line=7,age=0,id=0x1000000,block[1]={0x02658593,0x00b12023,0x002005b3,0x014000ef}
0x80000078:add    a1,zero,sp          a1=0x00000000+0x80007ff0=0x80007ff0
#cache_mem:irh    0x8000007c          line=7,age=0,id=0x1000000,block[1]={0x02658593,0x00b12023,0x002005b3,0x014000ef}
0x8000007c:jal    ra,0x0000a          pc=0x80000090,ra=0x80000080
#cache_mem:irm    0x80000090          line=1,valid={1,0},age={82,0},id={0x1000002,0x0000000}
0x80000090:slli   zero,zero,31        zero=0x00000000<<31=0x00000000
#cache_mem:irh    0x80000094          line=1,age=0,id=0x1000001,block[1]={0x01f01013,0x00100073,0x40705013,0x00008067}
#cache_mem:irh    0x80000090          line=1,age=0,id=0x1000001,block[1]={0x01f01013,0x00100073,0x40705013,0x00008067}
#cache_mem:irh    0x80000098          line=1,age=0,id=0x1000001,block[1]={0x01f01013,0x00100073,0x40705013,0x00008067}
0x80000094:ebreak
#cache_mem:dstats                     hit=0.5522
#cache_mem:istats                     hit=0.9592
